02:14:19 DEBUG : Logs will be stored at 'D:/ECE385/ECElab6/IDE.log'.
02:14:22 INFO  : Launching XSCT server: xsct.bat -n  -interactive D:\ECE385\ECElab6\temp_xsdb_launch_script.tcl
02:14:22 INFO  : Platform repository initialization has completed.
02:14:23 INFO  : Registering command handlers for Vitis TCF services
02:14:26 INFO  : XSCT server has started successfully.
02:14:26 INFO  : plnx-install-location is set to ''
02:14:26 INFO  : Successfully done setting XSCT server connection channel  
02:14:31 INFO  : Successfully done setting workspace for the tool. 
02:14:31 INFO  : Successfully done query RDI_DATADIR 
02:18:08 INFO  : Result from executing command 'getProjects': mb_intro_top
02:18:08 INFO  : Result from executing command 'getPlatforms': 
02:18:08 WARN  : An unexpected exception occurred in the module 'platform project logging'
02:18:08 INFO  : Platform 'mb_intro_top' is added to custom repositories.
02:18:10 INFO  : Platform 'mb_intro_top' is added to custom repositories.
02:31:17 INFO  : Result from executing command 'getProjects': mb_intro_top
02:31:17 INFO  : Result from executing command 'getPlatforms': mb_intro_top|D:/ECE385/ECElab6/mb_intro_top/export/mb_intro_top/mb_intro_top.xpfm
02:31:17 INFO  : Checking for BSP changes to sync application flags for project 'blink'...
02:31:40 INFO  : Checking for BSP changes to sync application flags for project 'blink'...
02:31:52 INFO  : Checking for BSP changes to sync application flags for project 'blink'...
02:31:59 INFO  : Checking for BSP changes to sync application flags for project 'blink'...
02:32:31 INFO  : Checking for BSP changes to sync application flags for project 'blink'...
02:33:09 INFO  : Checking for BSP changes to sync application flags for project 'blink'...
02:33:38 INFO  : Checking for BSP changes to sync application flags for project 'blink'...
02:35:11 INFO  : Checking for BSP changes to sync application flags for project 'blink'...
02:35:22 INFO  : Checking for BSP changes to sync application flags for project 'blink'...
02:35:33 INFO  : Checking for BSP changes to sync application flags for project 'blink'...
02:35:44 INFO  : Checking for BSP changes to sync application flags for project 'blink'...
02:35:48 INFO  : Checking for BSP changes to sync application flags for project 'blink'...
02:36:25 INFO  : Checking for BSP changes to sync application flags for project 'blink'...
02:36:31 INFO  : Checking for BSP changes to sync application flags for project 'blink'...
02:37:45 INFO  : Checking for BSP changes to sync application flags for project 'blink'...
02:37:52 INFO  : Checking for BSP changes to sync application flags for project 'blink'...
02:38:22 INFO  : Checking for BSP changes to sync application flags for project 'blink'...
02:38:37 INFO  : Checking for BSP changes to sync application flags for project 'blink'...
02:38:56 INFO  : Checking for BSP changes to sync application flags for project 'blink'...
02:39:07 INFO  : Checking for BSP changes to sync application flags for project 'blink'...
02:39:39 INFO  : Checking for BSP changes to sync application flags for project 'blink'...
02:39:47 INFO  : Checking for BSP changes to sync application flags for project 'blink'...
02:40:19 INFO  : Checking for BSP changes to sync application flags for project 'blink'...
02:40:30 INFO  : Checking for BSP changes to sync application flags for project 'blink'...
02:40:51 INFO  : Checking for BSP changes to sync application flags for project 'blink'...
02:40:59 INFO  : Checking for BSP changes to sync application flags for project 'blink'...
02:41:05 INFO  : Checking for BSP changes to sync application flags for project 'blink'...
02:42:39 INFO  : Checking for BSP changes to sync application flags for project 'blink'...
02:43:28 INFO  : Checking for BSP changes to sync application flags for project 'blink'...
02:43:34 INFO  : Checking for BSP changes to sync application flags for project 'blink'...
02:43:40 INFO  : Checking for BSP changes to sync application flags for project 'blink'...
02:44:16 INFO  : Checking for BSP changes to sync application flags for project 'blink'...
02:44:32 INFO  : Checking for BSP changes to sync application flags for project 'blink'...
02:45:22 INFO  : Checking for BSP changes to sync application flags for project 'blink'...
02:45:33 INFO  : Checking for BSP changes to sync application flags for project 'blink'...
02:58:44 INFO  : Connected to target on host '127.0.0.1' and port '3121'.
02:58:45 INFO  : Jtag cable 'RealDigital Boo 88742923010BA' is selected.
02:58:45 INFO  : 'jtag frequency' command is executed.
02:58:45 INFO  : 'targets -set -filter {jtag_cable_name =~ "RealDigital Boo 88742923010BA" && level==0 && jtag_device_ctx=="jsn1-0362f093-0"}' command is executed.
02:58:46 INFO  : Device configured successfully with "D:/ECE385/ECElab6/blink/_ide/bitstream/mb_intro_top.bit"
02:58:46 INFO  : Context for processor 'microblaze_0' is selected.
02:58:46 INFO  : Hardware design and registers information is loaded from 'D:/ECE385/ECElab6/mb_intro_top/export/mb_intro_top/hw/mb_intro_top.xsa'.
02:58:46 INFO  : 'configparams mdm-detect-bscan-mask 2' command is executed.
02:58:46 INFO  : Context for processor 'microblaze_0' is selected.
02:58:46 INFO  : System reset is completed.
02:58:49 INFO  : 'after 3000' command is executed.
02:58:49 INFO  : Context for processor 'microblaze_0' is selected.
02:58:50 INFO  : The application 'D:/ECE385/ECElab6/blink/Debug/blink.elf' is downloaded to processor 'microblaze_0'.
02:58:50 INFO  : ----------------XSDB Script----------------
connect -url tcp:127.0.0.1:3121
targets -set -filter {jtag_cable_name =~ "RealDigital Boo 88742923010BA" && level==0 && jtag_device_ctx=="jsn1-0362f093-0"}
fpga -file D:/ECE385/ECElab6/blink/_ide/bitstream/mb_intro_top.bit
targets -set -nocase -filter {name =~ "*microblaze*#0" && bscan=="USER2" }
loadhw -hw D:/ECE385/ECElab6/mb_intro_top/export/mb_intro_top/hw/mb_intro_top.xsa -regs
configparams mdm-detect-bscan-mask 2
targets -set -nocase -filter {name =~ "*microblaze*#0" && bscan=="USER2" }
rst -system
after 3000
targets -set -nocase -filter {name =~ "*microblaze*#0" && bscan=="USER2" }
dow D:/ECE385/ECElab6/blink/Debug/blink.elf
----------------End of Script----------------

02:58:50 INFO  : Context for processor 'microblaze_0' is selected.
02:58:50 INFO  : 'con' command is executed.
02:58:50 INFO  : ----------------XSDB Script (After Launch)----------------
targets -set -nocase -filter {name =~ "*microblaze*#0" && bscan=="USER2" }
con
----------------End of Script----------------

02:58:50 INFO  : Disconnected from the channel tcfchan#2.
02:59:36 INFO  : Connected to target on host '127.0.0.1' and port '3121'.
02:59:36 INFO  : Jtag cable 'RealDigital Boo 88742923010BA' is selected.
02:59:36 INFO  : 'jtag frequency' command is executed.
02:59:37 INFO  : 'targets -set -filter {jtag_cable_name =~ "RealDigital Boo 88742923010BA" && level==0 && jtag_device_ctx=="jsn1-0362f093-0"}' command is executed.
02:59:38 INFO  : Device configured successfully with "D:/ECE385/ECElab6/blink/_ide/bitstream/mb_intro_top.bit"
02:59:38 INFO  : Context for processor 'microblaze_0' is selected.
02:59:38 INFO  : Hardware design and registers information is loaded from 'D:/ECE385/ECElab6/mb_intro_top/export/mb_intro_top/hw/mb_intro_top.xsa'.
02:59:38 INFO  : 'configparams mdm-detect-bscan-mask 2' command is executed.
02:59:38 INFO  : Context for processor 'microblaze_0' is selected.
02:59:38 INFO  : System reset is completed.
02:59:41 INFO  : 'after 3000' command is executed.
02:59:41 INFO  : Context for processor 'microblaze_0' is selected.
02:59:41 INFO  : The application 'D:/ECE385/ECElab6/blink/Debug/blink.elf' is downloaded to processor 'microblaze_0'.
02:59:41 INFO  : ----------------XSDB Script----------------
connect -url tcp:127.0.0.1:3121
targets -set -filter {jtag_cable_name =~ "RealDigital Boo 88742923010BA" && level==0 && jtag_device_ctx=="jsn1-0362f093-0"}
fpga -file D:/ECE385/ECElab6/blink/_ide/bitstream/mb_intro_top.bit
targets -set -nocase -filter {name =~ "*microblaze*#0" && bscan=="USER2" }
loadhw -hw D:/ECE385/ECElab6/mb_intro_top/export/mb_intro_top/hw/mb_intro_top.xsa -regs
configparams mdm-detect-bscan-mask 2
targets -set -nocase -filter {name =~ "*microblaze*#0" && bscan=="USER2" }
rst -system
after 3000
targets -set -nocase -filter {name =~ "*microblaze*#0" && bscan=="USER2" }
dow D:/ECE385/ECElab6/blink/Debug/blink.elf
----------------End of Script----------------

02:59:41 INFO  : Context for processor 'microblaze_0' is selected.
02:59:41 INFO  : 'con' command is executed.
02:59:41 INFO  : ----------------XSDB Script (After Launch)----------------
targets -set -nocase -filter {name =~ "*microblaze*#0" && bscan=="USER2" }
con
----------------End of Script----------------

02:59:41 INFO  : Disconnected from the channel tcfchan#3.
03:00:00 INFO  : Connected to target on host '127.0.0.1' and port '3121'.
03:00:01 INFO  : Jtag cable 'RealDigital Boo 88742923010BA' is selected.
03:00:01 INFO  : 'jtag frequency' command is executed.
03:00:01 INFO  : 'targets -set -filter {jtag_cable_name =~ "RealDigital Boo 88742923010BA" && level==0 && jtag_device_ctx=="jsn1-0362f093-0"}' command is executed.
03:00:02 INFO  : Device configured successfully with "D:/ECE385/ECElab6/blink/_ide/bitstream/mb_intro_top.bit"
03:00:02 INFO  : Context for processor 'microblaze_0' is selected.
03:00:02 INFO  : Hardware design and registers information is loaded from 'D:/ECE385/ECElab6/mb_intro_top/export/mb_intro_top/hw/mb_intro_top.xsa'.
03:00:02 INFO  : 'configparams mdm-detect-bscan-mask 2' command is executed.
03:00:02 INFO  : Context for processor 'microblaze_0' is selected.
03:00:02 INFO  : System reset is completed.
03:00:05 INFO  : 'after 3000' command is executed.
03:00:05 INFO  : Context for processor 'microblaze_0' is selected.
03:00:06 INFO  : The application 'D:/ECE385/ECElab6/blink/Debug/blink.elf' is downloaded to processor 'microblaze_0'.
03:00:06 INFO  : ----------------XSDB Script----------------
connect -url tcp:127.0.0.1:3121
targets -set -filter {jtag_cable_name =~ "RealDigital Boo 88742923010BA" && level==0 && jtag_device_ctx=="jsn1-0362f093-0"}
fpga -file D:/ECE385/ECElab6/blink/_ide/bitstream/mb_intro_top.bit
targets -set -nocase -filter {name =~ "*microblaze*#0" && bscan=="USER2" }
loadhw -hw D:/ECE385/ECElab6/mb_intro_top/export/mb_intro_top/hw/mb_intro_top.xsa -regs
configparams mdm-detect-bscan-mask 2
targets -set -nocase -filter {name =~ "*microblaze*#0" && bscan=="USER2" }
rst -system
after 3000
targets -set -nocase -filter {name =~ "*microblaze*#0" && bscan=="USER2" }
dow D:/ECE385/ECElab6/blink/Debug/blink.elf
----------------End of Script----------------

03:00:06 INFO  : Context for processor 'microblaze_0' is selected.
03:00:06 INFO  : 'con' command is executed.
03:00:06 INFO  : ----------------XSDB Script (After Launch)----------------
targets -set -nocase -filter {name =~ "*microblaze*#0" && bscan=="USER2" }
con
----------------End of Script----------------

03:00:06 INFO  : Disconnected from the channel tcfchan#4.
03:00:55 INFO  : Connected to target on host '127.0.0.1' and port '3121'.
03:00:55 INFO  : Jtag cable 'RealDigital Boo 88742923010BA' is selected.
03:00:55 INFO  : 'jtag frequency' command is executed.
03:00:55 INFO  : 'targets -set -filter {jtag_cable_name =~ "RealDigital Boo 88742923010BA" && level==0 && jtag_device_ctx=="jsn1-0362f093-0"}' command is executed.
03:00:56 INFO  : Device configured successfully with "D:/ECE385/ECElab6/blink/_ide/bitstream/mb_intro_top.bit"
03:00:57 INFO  : Context for processor 'microblaze_0' is selected.
03:00:57 INFO  : Hardware design and registers information is loaded from 'D:/ECE385/ECElab6/mb_intro_top/export/mb_intro_top/hw/mb_intro_top.xsa'.
03:00:57 INFO  : 'configparams mdm-detect-bscan-mask 2' command is executed.
03:00:57 INFO  : Context for processor 'microblaze_0' is selected.
03:00:57 INFO  : System reset is completed.
03:01:00 INFO  : 'after 3000' command is executed.
03:01:00 INFO  : Context for processor 'microblaze_0' is selected.
03:01:00 INFO  : The application 'D:/ECE385/ECElab6/blink/Debug/blink.elf' is downloaded to processor 'microblaze_0'.
03:01:00 INFO  : ----------------XSDB Script----------------
connect -url tcp:127.0.0.1:3121
targets -set -filter {jtag_cable_name =~ "RealDigital Boo 88742923010BA" && level==0 && jtag_device_ctx=="jsn1-0362f093-0"}
fpga -file D:/ECE385/ECElab6/blink/_ide/bitstream/mb_intro_top.bit
targets -set -nocase -filter {name =~ "*microblaze*#0" && bscan=="USER2" }
loadhw -hw D:/ECE385/ECElab6/mb_intro_top/export/mb_intro_top/hw/mb_intro_top.xsa -regs
configparams mdm-detect-bscan-mask 2
targets -set -nocase -filter {name =~ "*microblaze*#0" && bscan=="USER2" }
rst -system
after 3000
targets -set -nocase -filter {name =~ "*microblaze*#0" && bscan=="USER2" }
dow D:/ECE385/ECElab6/blink/Debug/blink.elf
----------------End of Script----------------

03:01:00 INFO  : Context for processor 'microblaze_0' is selected.
03:01:00 INFO  : 'con' command is executed.
03:01:00 INFO  : ----------------XSDB Script (After Launch)----------------
targets -set -nocase -filter {name =~ "*microblaze*#0" && bscan=="USER2" }
con
----------------End of Script----------------

03:01:00 INFO  : Disconnected from the channel tcfchan#5.
03:01:14 INFO  : Connected to target on host '127.0.0.1' and port '3121'.
03:01:15 INFO  : Jtag cable 'RealDigital Boo 88742923010BA' is selected.
03:01:15 INFO  : 'jtag frequency' command is executed.
03:01:15 INFO  : 'targets -set -filter {jtag_cable_name =~ "RealDigital Boo 88742923010BA" && level==0 && jtag_device_ctx=="jsn1-0362f093-0"}' command is executed.
03:01:16 INFO  : Device configured successfully with "D:/ECE385/ECElab6/blink/_ide/bitstream/mb_intro_top.bit"
03:01:16 INFO  : Context for processor 'microblaze_0' is selected.
03:01:16 INFO  : Hardware design and registers information is loaded from 'D:/ECE385/ECElab6/mb_intro_top/export/mb_intro_top/hw/mb_intro_top.xsa'.
03:01:16 INFO  : 'configparams mdm-detect-bscan-mask 2' command is executed.
03:01:16 INFO  : Context for processor 'microblaze_0' is selected.
03:01:16 INFO  : System reset is completed.
03:01:19 INFO  : 'after 3000' command is executed.
03:01:19 INFO  : Context for processor 'microblaze_0' is selected.
03:01:19 INFO  : The application 'D:/ECE385/ECElab6/blink/Debug/blink.elf' is downloaded to processor 'microblaze_0'.
03:01:19 INFO  : ----------------XSDB Script----------------
connect -url tcp:127.0.0.1:3121
targets -set -filter {jtag_cable_name =~ "RealDigital Boo 88742923010BA" && level==0 && jtag_device_ctx=="jsn1-0362f093-0"}
fpga -file D:/ECE385/ECElab6/blink/_ide/bitstream/mb_intro_top.bit
targets -set -nocase -filter {name =~ "*microblaze*#0" && bscan=="USER2" }
loadhw -hw D:/ECE385/ECElab6/mb_intro_top/export/mb_intro_top/hw/mb_intro_top.xsa -regs
configparams mdm-detect-bscan-mask 2
targets -set -nocase -filter {name =~ "*microblaze*#0" && bscan=="USER2" }
rst -system
after 3000
targets -set -nocase -filter {name =~ "*microblaze*#0" && bscan=="USER2" }
dow D:/ECE385/ECElab6/blink/Debug/blink.elf
----------------End of Script----------------

03:01:19 INFO  : Context for processor 'microblaze_0' is selected.
03:01:19 INFO  : 'con' command is executed.
03:01:19 INFO  : ----------------XSDB Script (After Launch)----------------
targets -set -nocase -filter {name =~ "*microblaze*#0" && bscan=="USER2" }
con
----------------End of Script----------------

03:01:19 INFO  : Disconnected from the channel tcfchan#6.
03:01:49 INFO  : Checking for BSP changes to sync application flags for project 'blink'...
03:02:05 INFO  : Checking for BSP changes to sync application flags for project 'blink'...
03:05:29 INFO  : Checking for BSP changes to sync application flags for project 'blink'...
03:08:55 INFO  : Checking for BSP changes to sync application flags for project 'blink'...
03:09:03 INFO  : Connected to target on host '127.0.0.1' and port '3121'.
03:09:03 INFO  : Jtag cable 'RealDigital Boo 88742923010BA' is selected.
03:09:03 INFO  : 'jtag frequency' command is executed.
03:09:03 INFO  : 'targets -set -filter {jtag_cable_name =~ "RealDigital Boo 88742923010BA" && level==0 && jtag_device_ctx=="jsn1-0362f093-0"}' command is executed.
03:09:05 INFO  : Device configured successfully with "D:/ECE385/ECElab6/blink/_ide/bitstream/mb_intro_top.bit"
03:09:05 INFO  : Context for processor 'microblaze_0' is selected.
03:09:05 INFO  : Hardware design and registers information is loaded from 'D:/ECE385/ECElab6/mb_intro_top/export/mb_intro_top/hw/mb_intro_top.xsa'.
03:09:05 INFO  : 'configparams mdm-detect-bscan-mask 2' command is executed.
03:09:05 INFO  : Context for processor 'microblaze_0' is selected.
03:09:05 INFO  : System reset is completed.
03:09:08 INFO  : 'after 3000' command is executed.
03:09:08 INFO  : Context for processor 'microblaze_0' is selected.
03:09:08 INFO  : The application 'D:/ECE385/ECElab6/blink/Debug/blink.elf' is downloaded to processor 'microblaze_0'.
03:09:08 INFO  : ----------------XSDB Script----------------
connect -url tcp:127.0.0.1:3121
targets -set -filter {jtag_cable_name =~ "RealDigital Boo 88742923010BA" && level==0 && jtag_device_ctx=="jsn1-0362f093-0"}
fpga -file D:/ECE385/ECElab6/blink/_ide/bitstream/mb_intro_top.bit
targets -set -nocase -filter {name =~ "*microblaze*#0" && bscan=="USER2" }
loadhw -hw D:/ECE385/ECElab6/mb_intro_top/export/mb_intro_top/hw/mb_intro_top.xsa -regs
configparams mdm-detect-bscan-mask 2
targets -set -nocase -filter {name =~ "*microblaze*#0" && bscan=="USER2" }
rst -system
after 3000
targets -set -nocase -filter {name =~ "*microblaze*#0" && bscan=="USER2" }
dow D:/ECE385/ECElab6/blink/Debug/blink.elf
----------------End of Script----------------

03:09:08 INFO  : Context for processor 'microblaze_0' is selected.
03:09:08 INFO  : 'con' command is executed.
03:09:08 INFO  : ----------------XSDB Script (After Launch)----------------
targets -set -nocase -filter {name =~ "*microblaze*#0" && bscan=="USER2" }
con
----------------End of Script----------------

03:09:08 INFO  : Disconnected from the channel tcfchan#7.
18:21:26 INFO  : Connected to target on host '127.0.0.1' and port '3121'.
18:21:27 INFO  : Jtag cable 'RealDigital Boo 88742923010BA' is selected.
18:21:27 INFO  : 'jtag frequency' command is executed.
18:21:28 INFO  : 'targets -set -filter {jtag_cable_name =~ "RealDigital Boo 88742923010BA" && level==0 && jtag_device_ctx=="jsn1-0362f093-0"}' command is executed.
18:21:30 INFO  : Device configured successfully with "D:/ECE385/ECElab6/blink/_ide/bitstream/mb_intro_top.bit"
18:21:30 INFO  : Context for processor 'microblaze_0' is selected.
18:21:30 INFO  : Hardware design and registers information is loaded from 'D:/ECE385/ECElab6/mb_intro_top/export/mb_intro_top/hw/mb_intro_top.xsa'.
18:21:30 INFO  : 'configparams mdm-detect-bscan-mask 2' command is executed.
18:21:30 INFO  : Context for processor 'microblaze_0' is selected.
18:21:30 INFO  : System reset is completed.
18:21:33 INFO  : 'after 3000' command is executed.
18:21:34 INFO  : Context for processor 'microblaze_0' is selected.
18:21:34 INFO  : The application 'D:/ECE385/ECElab6/blink/Debug/blink.elf' is downloaded to processor 'microblaze_0'.
18:21:34 INFO  : ----------------XSDB Script----------------
connect -url tcp:127.0.0.1:3121
targets -set -filter {jtag_cable_name =~ "RealDigital Boo 88742923010BA" && level==0 && jtag_device_ctx=="jsn1-0362f093-0"}
fpga -file D:/ECE385/ECElab6/blink/_ide/bitstream/mb_intro_top.bit
targets -set -nocase -filter {name =~ "*microblaze*#0" && bscan=="USER2" }
loadhw -hw D:/ECE385/ECElab6/mb_intro_top/export/mb_intro_top/hw/mb_intro_top.xsa -regs
configparams mdm-detect-bscan-mask 2
targets -set -nocase -filter {name =~ "*microblaze*#0" && bscan=="USER2" }
rst -system
after 3000
targets -set -nocase -filter {name =~ "*microblaze*#0" && bscan=="USER2" }
dow D:/ECE385/ECElab6/blink/Debug/blink.elf
----------------End of Script----------------

18:21:34 INFO  : Context for processor 'microblaze_0' is selected.
18:21:34 INFO  : 'con' command is executed.
18:21:34 INFO  : ----------------XSDB Script (After Launch)----------------
targets -set -nocase -filter {name =~ "*microblaze*#0" && bscan=="USER2" }
con
----------------End of Script----------------

18:21:34 INFO  : Disconnected from the channel tcfchan#8.
23:03:13 INFO  : Connected to target on host '127.0.0.1' and port '3121'.
23:03:31 INFO  : ----------------XSDB Script----------------
connect -url tcp:127.0.0.1:3121
----------------End of Script----------------

23:03:31 ERROR : Could not find FPGA device on the board for connection 'Local'.


Troubleshooting hints:
1. Check whether board is connected to system properly.
2. In case of zynq board, check whether Digilent/Xilinx cable switch settings are correct.
3. If you are using Xilinx Platform Cable USB, ensure that status LED is green.
00:38:57 INFO  : Connected to target on host '127.0.0.1' and port '3121'.
00:38:57 INFO  : Jtag cable 'RealDigital Boo 88742923010BA' is selected.
00:38:57 INFO  : 'jtag frequency' command is executed.
00:38:57 INFO  : 'targets -set -filter {jtag_cable_name =~ "RealDigital Boo 88742923010BA" && level==0 && jtag_device_ctx=="jsn1-0362f093-0"}' command is executed.
00:38:58 INFO  : Device configured successfully with "D:/ECE385/ECElab6/blink/_ide/bitstream/mb_intro_top.bit"
00:38:58 INFO  : Context for processor 'microblaze_0' is selected.
00:38:58 INFO  : Hardware design and registers information is loaded from 'D:/ECE385/ECElab6/mb_intro_top/export/mb_intro_top/hw/mb_intro_top.xsa'.
00:38:58 INFO  : 'configparams mdm-detect-bscan-mask 2' command is executed.
00:38:58 INFO  : Context for processor 'microblaze_0' is selected.
00:38:58 INFO  : System reset is completed.
00:39:01 INFO  : 'after 3000' command is executed.
00:39:01 INFO  : Context for processor 'microblaze_0' is selected.
00:39:01 INFO  : The application 'D:/ECE385/ECElab6/blink/Debug/blink.elf' is downloaded to processor 'microblaze_0'.
00:39:01 INFO  : ----------------XSDB Script----------------
connect -url tcp:127.0.0.1:3121
targets -set -filter {jtag_cable_name =~ "RealDigital Boo 88742923010BA" && level==0 && jtag_device_ctx=="jsn1-0362f093-0"}
fpga -file D:/ECE385/ECElab6/blink/_ide/bitstream/mb_intro_top.bit
targets -set -nocase -filter {name =~ "*microblaze*#0" && bscan=="USER2" }
loadhw -hw D:/ECE385/ECElab6/mb_intro_top/export/mb_intro_top/hw/mb_intro_top.xsa -regs
configparams mdm-detect-bscan-mask 2
targets -set -nocase -filter {name =~ "*microblaze*#0" && bscan=="USER2" }
rst -system
after 3000
targets -set -nocase -filter {name =~ "*microblaze*#0" && bscan=="USER2" }
dow D:/ECE385/ECElab6/blink/Debug/blink.elf
----------------End of Script----------------

00:39:01 INFO  : Context for processor 'microblaze_0' is selected.
00:39:01 INFO  : 'con' command is executed.
00:39:01 INFO  : ----------------XSDB Script (After Launch)----------------
targets -set -nocase -filter {name =~ "*microblaze*#0" && bscan=="USER2" }
con
----------------End of Script----------------

00:39:01 INFO  : Disconnected from the channel tcfchan#9.
00:39:18 INFO  : Connected to target on host '127.0.0.1' and port '3121'.
00:39:19 INFO  : Jtag cable 'RealDigital Boo 88742923010BA' is selected.
00:39:19 INFO  : 'jtag frequency' command is executed.
00:39:20 INFO  : 'targets -set -filter {jtag_cable_name =~ "RealDigital Boo 88742923010BA" && level==0 && jtag_device_ctx=="jsn1-0362f093-0"}' command is executed.
00:39:21 INFO  : Device configured successfully with "D:/ECE385/ECElab6/blink/_ide/bitstream/mb_intro_top.bit"
00:39:21 INFO  : Context for processor 'microblaze_0' is selected.
00:39:21 INFO  : Hardware design and registers information is loaded from 'D:/ECE385/ECElab6/mb_intro_top/export/mb_intro_top/hw/mb_intro_top.xsa'.
00:39:21 INFO  : 'configparams mdm-detect-bscan-mask 2' command is executed.
00:39:21 INFO  : Context for processor 'microblaze_0' is selected.
00:39:21 INFO  : System reset is completed.
00:39:24 INFO  : 'after 3000' command is executed.
00:39:25 INFO  : Context for processor 'microblaze_0' is selected.
00:39:25 INFO  : The application 'D:/ECE385/ECElab6/blink/Debug/blink.elf' is downloaded to processor 'microblaze_0'.
00:39:25 INFO  : ----------------XSDB Script----------------
connect -url tcp:127.0.0.1:3121
targets -set -filter {jtag_cable_name =~ "RealDigital Boo 88742923010BA" && level==0 && jtag_device_ctx=="jsn1-0362f093-0"}
fpga -file D:/ECE385/ECElab6/blink/_ide/bitstream/mb_intro_top.bit
targets -set -nocase -filter {name =~ "*microblaze*#0" && bscan=="USER2" }
loadhw -hw D:/ECE385/ECElab6/mb_intro_top/export/mb_intro_top/hw/mb_intro_top.xsa -regs
configparams mdm-detect-bscan-mask 2
targets -set -nocase -filter {name =~ "*microblaze*#0" && bscan=="USER2" }
rst -system
after 3000
targets -set -nocase -filter {name =~ "*microblaze*#0" && bscan=="USER2" }
dow D:/ECE385/ECElab6/blink/Debug/blink.elf
----------------End of Script----------------

00:39:25 INFO  : Context for processor 'microblaze_0' is selected.
00:39:25 INFO  : 'con' command is executed.
00:39:25 INFO  : ----------------XSDB Script (After Launch)----------------
targets -set -nocase -filter {name =~ "*microblaze*#0" && bscan=="USER2" }
con
----------------End of Script----------------

00:39:25 INFO  : Disconnected from the channel tcfchan#10.
01:10:47 INFO  : Connected to target on host '127.0.0.1' and port '3121'.
01:10:47 INFO  : Checking for BSP changes to sync application flags for project 'blink'...
01:10:48 INFO  : Jtag cable 'RealDigital Boo 88742923010BA' is selected.
01:10:48 INFO  : 'jtag frequency' command is executed.
01:10:48 INFO  : 'targets -set -filter {jtag_cable_name =~ "RealDigital Boo 88742923010BA" && level==0 && jtag_device_ctx=="jsn1-0362f093-0"}' command is executed.
01:10:50 INFO  : Device configured successfully with "D:/ECE385/ECElab6/blink/_ide/bitstream/mb_intro_top.bit"
01:10:50 INFO  : Context for processor 'microblaze_0' is selected.
01:10:50 INFO  : Hardware design and registers information is loaded from 'D:/ECE385/ECElab6/mb_intro_top/export/mb_intro_top/hw/mb_intro_top.xsa'.
01:10:50 INFO  : 'configparams mdm-detect-bscan-mask 2' command is executed.
01:10:50 INFO  : Context for processor 'microblaze_0' is selected.
01:10:50 INFO  : System reset is completed.
01:10:53 INFO  : 'after 3000' command is executed.
01:10:54 INFO  : Context for processor 'microblaze_0' is selected.
01:10:54 INFO  : The application 'D:/ECE385/ECElab6/blink/Debug/blink.elf' is downloaded to processor 'microblaze_0'.
01:10:54 INFO  : ----------------XSDB Script----------------
connect -url tcp:127.0.0.1:3121
targets -set -filter {jtag_cable_name =~ "RealDigital Boo 88742923010BA" && level==0 && jtag_device_ctx=="jsn1-0362f093-0"}
fpga -file D:/ECE385/ECElab6/blink/_ide/bitstream/mb_intro_top.bit
targets -set -nocase -filter {name =~ "*microblaze*#0" && bscan=="USER2" }
loadhw -hw D:/ECE385/ECElab6/mb_intro_top/export/mb_intro_top/hw/mb_intro_top.xsa -regs
configparams mdm-detect-bscan-mask 2
targets -set -nocase -filter {name =~ "*microblaze*#0" && bscan=="USER2" }
rst -system
after 3000
targets -set -nocase -filter {name =~ "*microblaze*#0" && bscan=="USER2" }
dow D:/ECE385/ECElab6/blink/Debug/blink.elf
----------------End of Script----------------

01:11:00 INFO  : Checking for BSP changes to sync application flags for project 'blink'...
01:11:05 INFO  : Disconnected from the channel tcfchan#11.
01:11:06 INFO  : Connected to target on host '127.0.0.1' and port '3121'.
01:11:06 INFO  : Jtag cable 'RealDigital Boo 88742923010BA' is selected.
01:11:06 INFO  : 'jtag frequency' command is executed.
01:11:06 INFO  : 'targets -set -filter {jtag_cable_name =~ "RealDigital Boo 88742923010BA" && level==0 && jtag_device_ctx=="jsn1-0362f093-0"}' command is executed.
01:11:08 INFO  : Device configured successfully with "D:/ECE385/ECElab6/blink/_ide/bitstream/mb_intro_top.bit"
01:11:08 INFO  : Context for processor 'microblaze_0' is selected.
01:11:08 INFO  : Hardware design and registers information is loaded from 'D:/ECE385/ECElab6/mb_intro_top/export/mb_intro_top/hw/mb_intro_top.xsa'.
01:11:08 INFO  : 'configparams mdm-detect-bscan-mask 2' command is executed.
01:11:08 INFO  : Context for processor 'microblaze_0' is selected.
01:11:08 INFO  : System reset is completed.
01:11:11 INFO  : 'after 3000' command is executed.
01:11:11 INFO  : Context for processor 'microblaze_0' is selected.
01:11:11 INFO  : The application 'D:/ECE385/ECElab6/blink/Debug/blink.elf' is downloaded to processor 'microblaze_0'.
01:11:11 INFO  : ----------------XSDB Script----------------
connect -url tcp:127.0.0.1:3121
targets -set -filter {jtag_cable_name =~ "RealDigital Boo 88742923010BA" && level==0 && jtag_device_ctx=="jsn1-0362f093-0"}
fpga -file D:/ECE385/ECElab6/blink/_ide/bitstream/mb_intro_top.bit
targets -set -nocase -filter {name =~ "*microblaze*#0" && bscan=="USER2" }
loadhw -hw D:/ECE385/ECElab6/mb_intro_top/export/mb_intro_top/hw/mb_intro_top.xsa -regs
configparams mdm-detect-bscan-mask 2
targets -set -nocase -filter {name =~ "*microblaze*#0" && bscan=="USER2" }
rst -system
after 3000
targets -set -nocase -filter {name =~ "*microblaze*#0" && bscan=="USER2" }
dow D:/ECE385/ECElab6/blink/Debug/blink.elf
----------------End of Script----------------

01:11:57 INFO  : Checking for BSP changes to sync application flags for project 'blink'...
01:12:00 INFO  : Disconnected from the channel tcfchan#12.
01:12:01 INFO  : Connected to target on host '127.0.0.1' and port '3121'.
01:12:01 INFO  : Jtag cable 'RealDigital Boo 88742923010BA' is selected.
01:12:01 INFO  : 'jtag frequency' command is executed.
01:12:01 INFO  : 'targets -set -filter {jtag_cable_name =~ "RealDigital Boo 88742923010BA" && level==0 && jtag_device_ctx=="jsn1-0362f093-0"}' command is executed.
01:12:02 INFO  : Device configured successfully with "D:/ECE385/ECElab6/blink/_ide/bitstream/mb_intro_top.bit"
01:12:02 INFO  : Context for processor 'microblaze_0' is selected.
01:12:02 INFO  : Hardware design and registers information is loaded from 'D:/ECE385/ECElab6/mb_intro_top/export/mb_intro_top/hw/mb_intro_top.xsa'.
01:12:02 INFO  : 'configparams mdm-detect-bscan-mask 2' command is executed.
01:12:02 INFO  : Context for processor 'microblaze_0' is selected.
01:12:02 INFO  : System reset is completed.
01:12:05 INFO  : 'after 3000' command is executed.
01:12:05 INFO  : Context for processor 'microblaze_0' is selected.
01:12:06 INFO  : The application 'D:/ECE385/ECElab6/blink/Debug/blink.elf' is downloaded to processor 'microblaze_0'.
01:12:06 INFO  : ----------------XSDB Script----------------
connect -url tcp:127.0.0.1:3121
targets -set -filter {jtag_cable_name =~ "RealDigital Boo 88742923010BA" && level==0 && jtag_device_ctx=="jsn1-0362f093-0"}
fpga -file D:/ECE385/ECElab6/blink/_ide/bitstream/mb_intro_top.bit
targets -set -nocase -filter {name =~ "*microblaze*#0" && bscan=="USER2" }
loadhw -hw D:/ECE385/ECElab6/mb_intro_top/export/mb_intro_top/hw/mb_intro_top.xsa -regs
configparams mdm-detect-bscan-mask 2
targets -set -nocase -filter {name =~ "*microblaze*#0" && bscan=="USER2" }
rst -system
after 3000
targets -set -nocase -filter {name =~ "*microblaze*#0" && bscan=="USER2" }
dow D:/ECE385/ECElab6/blink/Debug/blink.elf
----------------End of Script----------------

01:15:47 INFO  : Checking for BSP changes to sync application flags for project 'blink'...
01:16:24 INFO  : Disconnected from the channel tcfchan#13.
01:16:25 INFO  : Connected to target on host '127.0.0.1' and port '3121'.
01:16:25 INFO  : Jtag cable 'RealDigital Boo 88742923010BA' is selected.
01:16:25 INFO  : 'jtag frequency' command is executed.
01:16:25 INFO  : 'targets -set -filter {jtag_cable_name =~ "RealDigital Boo 88742923010BA" && level==0 && jtag_device_ctx=="jsn1-0362f093-0"}' command is executed.
01:16:27 INFO  : Device configured successfully with "D:/ECE385/ECElab6/blink/_ide/bitstream/mb_intro_top.bit"
01:16:27 INFO  : Context for processor 'microblaze_0' is selected.
01:16:27 INFO  : Hardware design and registers information is loaded from 'D:/ECE385/ECElab6/mb_intro_top/export/mb_intro_top/hw/mb_intro_top.xsa'.
01:16:27 INFO  : 'configparams mdm-detect-bscan-mask 2' command is executed.
01:16:27 INFO  : Context for processor 'microblaze_0' is selected.
01:16:27 INFO  : System reset is completed.
01:16:30 INFO  : 'after 3000' command is executed.
01:16:30 INFO  : Context for processor 'microblaze_0' is selected.
01:16:30 INFO  : The application 'D:/ECE385/ECElab6/blink/Debug/blink.elf' is downloaded to processor 'microblaze_0'.
01:16:30 INFO  : ----------------XSDB Script----------------
connect -url tcp:127.0.0.1:3121
targets -set -filter {jtag_cable_name =~ "RealDigital Boo 88742923010BA" && level==0 && jtag_device_ctx=="jsn1-0362f093-0"}
fpga -file D:/ECE385/ECElab6/blink/_ide/bitstream/mb_intro_top.bit
targets -set -nocase -filter {name =~ "*microblaze*#0" && bscan=="USER2" }
loadhw -hw D:/ECE385/ECElab6/mb_intro_top/export/mb_intro_top/hw/mb_intro_top.xsa -regs
configparams mdm-detect-bscan-mask 2
targets -set -nocase -filter {name =~ "*microblaze*#0" && bscan=="USER2" }
rst -system
after 3000
targets -set -nocase -filter {name =~ "*microblaze*#0" && bscan=="USER2" }
dow D:/ECE385/ECElab6/blink/Debug/blink.elf
----------------End of Script----------------

01:16:30 INFO  : Context for processor 'microblaze_0' is selected.
01:16:30 INFO  : 'con' command is executed.
01:16:30 INFO  : ----------------XSDB Script (After Launch)----------------
targets -set -nocase -filter {name =~ "*microblaze*#0" && bscan=="USER2" }
con
----------------End of Script----------------

01:16:30 INFO  : Disconnected from the channel tcfchan#14.
01:17:58 INFO  : Hardware specification for platform project 'mb_intro_top' is updated.
01:18:56 INFO  : Result from executing command 'removePlatformRepo': 
01:19:07 INFO  : Result from executing command 'getProjects': mb_intro_top
01:19:07 INFO  : Result from executing command 'getPlatforms': 
01:19:07 INFO  : Checking for BSP changes to sync application flags for project 'blink'...
01:19:07 INFO  : Updating application flags with new BSP settings...
01:19:07 ERROR : Failed to update application flags from BSP for 'blink'. Reason: null
java.lang.NullPointerException: null
	at com.xilinx.sdk.sw.internal.SwDb.getComponentAppCompilerFlags(SwDb.java:761) ~[com.xilinx.sdk.sw_1.0.0.202210132147.jar:?]
	at com.xilinx.sdx.sw.internal.SDxSwPlatform.getSwPlatformCompilerFlags(SDxSwPlatform.java:1177) ~[com.xilinx.sdx.sw_1.0.0.202210132147.jar:?]
	at com.xilinx.sdx.sdk.core.build.AppSwBuildOptionsHelper.inferSwPlatformFlags(AppSwBuildOptionsHelper.java:54) ~[com.xilinx.sdx.sdk.core_1.0.0.202210132147.jar:?]
	at com.xilinx.sdx.sdk.core.build.AppSwBuildOptionsHelper.updateBuildOptions(AppSwBuildOptionsHelper.java:46) ~[com.xilinx.sdx.sdk.core_1.0.0.202210132147.jar:?]
	at com.xilinx.sdx.sdk.core.build.SdkMakefileGenerationListener.updateSwBuildOptions(SdkMakefileGenerationListener.java:215) ~[com.xilinx.sdx.sdk.core_1.0.0.202210132147.jar:?]
	at com.xilinx.sdx.sdk.core.build.SdkMakefileGenerationListener.syncAppFlags(SdkMakefileGenerationListener.java:99) [com.xilinx.sdx.sdk.core_1.0.0.202210132147.jar:?]
	at com.xilinx.sdx.sdk.core.build.SdkMakefileGenerationListener.preMakefileGeneration(SdkMakefileGenerationListener.java:48) [com.xilinx.sdx.sdk.core_1.0.0.202210132147.jar:?]
	at com.xilinx.sdk.managedbuilder.XilinxGnuMakefileGenerator.notifyPreMakefileGenerationListeners(XilinxGnuMakefileGenerator.java:91) [com.xilinx.sdk.managedbuilder_1.0.0.202210132147.jar:?]
	at com.xilinx.sdk.managedbuilder.XilinxGnuMakefileGenerator.regenerateMakefiles(XilinxGnuMakefileGenerator.java:75) [com.xilinx.sdk.managedbuilder_1.0.0.202210132147.jar:?]
	at org.eclipse.cdt.managedbuilder.internal.core.CommonBuilder.performMakefileGeneration(CommonBuilder.java:1006) [org.eclipse.cdt.managedbuilder.core_8.6.0.201802261533.jar:?]
	at org.eclipse.cdt.managedbuilder.internal.core.CommonBuilder.performPrebuildGeneration(CommonBuilder.java:873) [org.eclipse.cdt.managedbuilder.core_8.6.0.201802261533.jar:?]
	at org.eclipse.cdt.managedbuilder.internal.core.CommonBuilder.build(CommonBuilder.java:748) [org.eclipse.cdt.managedbuilder.core_8.6.0.201802261533.jar:?]
	at org.eclipse.cdt.managedbuilder.internal.core.CommonBuilder.build(CommonBuilder.java:513) [org.eclipse.cdt.managedbuilder.core_8.6.0.201802261533.jar:?]
	at org.eclipse.cdt.managedbuilder.internal.core.CommonBuilder.build(CommonBuilder.java:459) [org.eclipse.cdt.managedbuilder.core_8.6.0.201802261533.jar:?]
	at org.eclipse.core.internal.events.BuildManager$2.run(BuildManager.java:832) [org.eclipse.core.resources_3.13.700.v20200209-1624.jar:?]
	at org.eclipse.core.runtime.SafeRunner.run(SafeRunner.java:45) [org.eclipse.equinox.common_3.11.0.v20200206-0817.jar:?]
	at org.eclipse.core.internal.events.BuildManager.basicBuild(BuildManager.java:220) [org.eclipse.core.resources_3.13.700.v20200209-1624.jar:?]
	at org.eclipse.core.internal.events.BuildManager.basicBuild(BuildManager.java:263) [org.eclipse.core.resources_3.13.700.v20200209-1624.jar:?]
	at org.eclipse.core.internal.events.BuildManager$1.run(BuildManager.java:316) [org.eclipse.core.resources_3.13.700.v20200209-1624.jar:?]
	at org.eclipse.core.runtime.SafeRunner.run(SafeRunner.java:45) [org.eclipse.equinox.common_3.11.0.v20200206-0817.jar:?]
	at org.eclipse.core.internal.events.BuildManager.basicBuild(BuildManager.java:319) [org.eclipse.core.resources_3.13.700.v20200209-1624.jar:?]
	at org.eclipse.core.internal.events.BuildManager.basicBuildLoop(BuildManager.java:371) [org.eclipse.core.resources_3.13.700.v20200209-1624.jar:?]
	at org.eclipse.core.internal.events.BuildManager.build(BuildManager.java:392) [org.eclipse.core.resources_3.13.700.v20200209-1624.jar:?]
	at org.eclipse.core.internal.resources.Workspace.buildInternal(Workspace.java:515) [org.eclipse.core.resources_3.13.700.v20200209-1624.jar:?]
	at org.eclipse.core.internal.resources.Workspace.build(Workspace.java:412) [org.eclipse.core.resources_3.13.700.v20200209-1624.jar:?]
	at org.eclipse.ui.actions.BuildAction$1.runInWorkspace(BuildAction.java:291) [org.eclipse.ui.ide_3.17.0.v20200217-1511.jar:?]
	at org.eclipse.core.internal.resources.InternalWorkspaceJob.run(InternalWorkspaceJob.java:42) [org.eclipse.core.resources_3.13.700.v20200209-1624.jar:?]
	at org.eclipse.core.internal.jobs.Worker.run(Worker.java:63) [org.eclipse.core.jobs_3.10.700.v20200106-1020.jar:?]
01:19:09 INFO  : The hardware specification used by project 'blink' is out of sync with the platform. Resource files extracted from the hardware specification will be updated.
01:19:09 INFO  : The file 'D:\ECE385\ECElab6\blink\_ide\bitstream\mb_intro_top.bit' stored in project is removed.
01:19:09 INFO  : The file 'D:\ECE385\ECElab6\blink\_ide\bitstream\mb_intro_top.mmi' stored in project is removed.
01:19:09 INFO  : The updated bitstream files are copied from platform to folder 'D:\ECE385\ECElab6\blink\_ide\bitstream' in project 'blink'.
01:20:52 INFO  : Connected to target on host '127.0.0.1' and port '3121'.
01:20:52 INFO  : Jtag cable 'RealDigital Boo 88742923010BA' is selected.
01:20:52 INFO  : 'jtag frequency' command is executed.
01:20:52 INFO  : 'targets -set -filter {jtag_cable_name =~ "RealDigital Boo 88742923010BA" && level==0 && jtag_device_ctx=="jsn1-0362f093-0"}' command is executed.
01:20:53 INFO  : Device configured successfully with "D:/ECE385/ECElab6/blink/_ide/bitstream/mb_intro_top.bit"
01:20:53 INFO  : Context for processor 'microblaze_0' is selected.
01:20:54 INFO  : Hardware design and registers information is loaded from 'D:/ECE385/ECElab6/mb_intro_top/export/mb_intro_top/hw/mb_intro_top.xsa'.
01:20:54 INFO  : 'configparams mdm-detect-bscan-mask 2' command is executed.
01:20:54 INFO  : Context for processor 'microblaze_0' is selected.
01:20:54 INFO  : System reset is completed.
01:20:57 INFO  : 'after 3000' command is executed.
01:20:57 INFO  : Context for processor 'microblaze_0' is selected.
01:20:57 INFO  : The application 'D:/ECE385/ECElab6/blink/Debug/blink.elf' is downloaded to processor 'microblaze_0'.
01:20:57 INFO  : ----------------XSDB Script----------------
connect -url tcp:127.0.0.1:3121
targets -set -filter {jtag_cable_name =~ "RealDigital Boo 88742923010BA" && level==0 && jtag_device_ctx=="jsn1-0362f093-0"}
fpga -file D:/ECE385/ECElab6/blink/_ide/bitstream/mb_intro_top.bit
targets -set -nocase -filter {name =~ "*microblaze*#0" && bscan=="USER2" }
loadhw -hw D:/ECE385/ECElab6/mb_intro_top/export/mb_intro_top/hw/mb_intro_top.xsa -regs
configparams mdm-detect-bscan-mask 2
targets -set -nocase -filter {name =~ "*microblaze*#0" && bscan=="USER2" }
rst -system
after 3000
targets -set -nocase -filter {name =~ "*microblaze*#0" && bscan=="USER2" }
dow D:/ECE385/ECElab6/blink/Debug/blink.elf
----------------End of Script----------------

01:21:18 INFO  : Disconnected from the channel tcfchan#17.
01:21:19 INFO  : Connected to target on host '127.0.0.1' and port '3121'.
01:21:19 INFO  : Jtag cable 'RealDigital Boo 88742923010BA' is selected.
01:21:19 INFO  : 'jtag frequency' command is executed.
01:21:19 INFO  : 'targets -set -filter {jtag_cable_name =~ "RealDigital Boo 88742923010BA" && level==0 && jtag_device_ctx=="jsn1-0362f093-0"}' command is executed.
01:21:21 INFO  : Device configured successfully with "D:/ECE385/ECElab6/blink/_ide/bitstream/mb_intro_top.bit"
01:21:21 INFO  : Context for processor 'microblaze_0' is selected.
01:21:21 INFO  : Hardware design and registers information is loaded from 'D:/ECE385/ECElab6/mb_intro_top/export/mb_intro_top/hw/mb_intro_top.xsa'.
01:21:21 INFO  : 'configparams mdm-detect-bscan-mask 2' command is executed.
01:21:21 INFO  : Context for processor 'microblaze_0' is selected.
01:21:21 INFO  : System reset is completed.
01:21:24 INFO  : 'after 3000' command is executed.
01:21:24 INFO  : Context for processor 'microblaze_0' is selected.
01:21:24 INFO  : The application 'D:/ECE385/ECElab6/blink/Debug/blink.elf' is downloaded to processor 'microblaze_0'.
01:21:24 INFO  : ----------------XSDB Script----------------
connect -url tcp:127.0.0.1:3121
targets -set -filter {jtag_cable_name =~ "RealDigital Boo 88742923010BA" && level==0 && jtag_device_ctx=="jsn1-0362f093-0"}
fpga -file D:/ECE385/ECElab6/blink/_ide/bitstream/mb_intro_top.bit
targets -set -nocase -filter {name =~ "*microblaze*#0" && bscan=="USER2" }
loadhw -hw D:/ECE385/ECElab6/mb_intro_top/export/mb_intro_top/hw/mb_intro_top.xsa -regs
configparams mdm-detect-bscan-mask 2
targets -set -nocase -filter {name =~ "*microblaze*#0" && bscan=="USER2" }
rst -system
after 3000
targets -set -nocase -filter {name =~ "*microblaze*#0" && bscan=="USER2" }
dow D:/ECE385/ECElab6/blink/Debug/blink.elf
----------------End of Script----------------

01:21:24 INFO  : Context for processor 'microblaze_0' is selected.
01:21:24 INFO  : 'con' command is executed.
01:21:24 INFO  : ----------------XSDB Script (After Launch)----------------
targets -set -nocase -filter {name =~ "*microblaze*#0" && bscan=="USER2" }
con
----------------End of Script----------------

01:21:24 INFO  : Disconnected from the channel tcfchan#18.
01:24:53 DEBUG : Logs will be stored at 'D:/ECE385/ECElab6/IDE.log'.
01:24:54 INFO  : Launching XSCT server: xsct.bat -n  -interactive D:\ECE385\ECElab6\temp_xsdb_launch_script.tcl
01:24:57 INFO  : XSCT server has started successfully.
01:24:57 INFO  : plnx-install-location is set to ''
01:24:57 INFO  : Successfully done setting XSCT server connection channel  
01:24:57 INFO  : Successfully done setting workspace for the tool. 
01:24:58 INFO  : Platform repository initialization has completed.
01:24:58 INFO  : Registering command handlers for Vitis TCF services
01:25:02 INFO  : Successfully done query RDI_DATADIR 
01:27:51 INFO  : Checking for BSP changes to sync application flags for project 'blink'...
01:27:52 INFO  : Updating application flags with new BSP settings...
01:27:52 INFO  : Successfully updated application flags for project blink.
01:27:57 INFO  : Connected to target on host '127.0.0.1' and port '3121'.
01:27:58 INFO  : Jtag cable 'RealDigital Boo 88742923010BA' is selected.
01:27:58 INFO  : 'jtag frequency' command is executed.
01:27:58 INFO  : 'targets -set -filter {jtag_cable_name =~ "RealDigital Boo 88742923010BA" && level==0 && jtag_device_ctx=="jsn1-0362f093-0"}' command is executed.
01:27:59 INFO  : Device configured successfully with "D:/ECE385/ECElab6/blink/_ide/bitstream/mb_intro_top.bit"
01:28:00 INFO  : Context for processor 'microblaze_0' is selected.
01:28:00 INFO  : Hardware design and registers information is loaded from 'D:/ECE385/ECElab6/mb_intro_top/export/mb_intro_top/hw/mb_intro_top.xsa'.
01:28:00 INFO  : 'configparams mdm-detect-bscan-mask 2' command is executed.
01:28:00 INFO  : Context for processor 'microblaze_0' is selected.
01:28:00 INFO  : System reset is completed.
01:28:03 INFO  : 'after 3000' command is executed.
01:28:03 INFO  : Context for processor 'microblaze_0' is selected.
01:28:03 INFO  : The application 'D:/ECE385/ECElab6/blink/Debug/blink.elf' is downloaded to processor 'microblaze_0'.
01:28:03 INFO  : ----------------XSDB Script----------------
connect -url tcp:127.0.0.1:3121
targets -set -filter {jtag_cable_name =~ "RealDigital Boo 88742923010BA" && level==0 && jtag_device_ctx=="jsn1-0362f093-0"}
fpga -file D:/ECE385/ECElab6/blink/_ide/bitstream/mb_intro_top.bit
targets -set -nocase -filter {name =~ "*microblaze*#0" && bscan=="USER2" }
loadhw -hw D:/ECE385/ECElab6/mb_intro_top/export/mb_intro_top/hw/mb_intro_top.xsa -regs
configparams mdm-detect-bscan-mask 2
targets -set -nocase -filter {name =~ "*microblaze*#0" && bscan=="USER2" }
rst -system
after 3000
targets -set -nocase -filter {name =~ "*microblaze*#0" && bscan=="USER2" }
dow D:/ECE385/ECElab6/blink/Debug/blink.elf
----------------End of Script----------------

01:28:03 INFO  : Context for processor 'microblaze_0' is selected.
01:28:03 INFO  : 'con' command is executed.
01:28:03 INFO  : ----------------XSDB Script (After Launch)----------------
targets -set -nocase -filter {name =~ "*microblaze*#0" && bscan=="USER2" }
con
----------------End of Script----------------

01:28:03 INFO  : Disconnected from the channel tcfchan#1.
01:28:22 INFO  : Checking for BSP changes to sync application flags for project 'blink'...
01:28:27 INFO  : Connected to target on host '127.0.0.1' and port '3121'.
01:28:27 INFO  : Jtag cable 'RealDigital Boo 88742923010BA' is selected.
01:28:27 INFO  : 'jtag frequency' command is executed.
01:28:27 INFO  : 'targets -set -filter {jtag_cable_name =~ "RealDigital Boo 88742923010BA" && level==0 && jtag_device_ctx=="jsn1-0362f093-0"}' command is executed.
01:28:29 INFO  : Device configured successfully with "D:/ECE385/ECElab6/blink/_ide/bitstream/mb_intro_top.bit"
01:28:29 INFO  : Context for processor 'microblaze_0' is selected.
01:28:29 INFO  : Hardware design and registers information is loaded from 'D:/ECE385/ECElab6/mb_intro_top/export/mb_intro_top/hw/mb_intro_top.xsa'.
01:28:29 INFO  : 'configparams mdm-detect-bscan-mask 2' command is executed.
01:28:29 INFO  : Context for processor 'microblaze_0' is selected.
01:28:29 INFO  : System reset is completed.
01:28:32 INFO  : 'after 3000' command is executed.
01:28:32 INFO  : Context for processor 'microblaze_0' is selected.
01:28:32 INFO  : The application 'D:/ECE385/ECElab6/blink/Debug/blink.elf' is downloaded to processor 'microblaze_0'.
01:28:32 INFO  : ----------------XSDB Script----------------
connect -url tcp:127.0.0.1:3121
targets -set -filter {jtag_cable_name =~ "RealDigital Boo 88742923010BA" && level==0 && jtag_device_ctx=="jsn1-0362f093-0"}
fpga -file D:/ECE385/ECElab6/blink/_ide/bitstream/mb_intro_top.bit
targets -set -nocase -filter {name =~ "*microblaze*#0" && bscan=="USER2" }
loadhw -hw D:/ECE385/ECElab6/mb_intro_top/export/mb_intro_top/hw/mb_intro_top.xsa -regs
configparams mdm-detect-bscan-mask 2
targets -set -nocase -filter {name =~ "*microblaze*#0" && bscan=="USER2" }
rst -system
after 3000
targets -set -nocase -filter {name =~ "*microblaze*#0" && bscan=="USER2" }
dow D:/ECE385/ECElab6/blink/Debug/blink.elf
----------------End of Script----------------

01:28:32 INFO  : Context for processor 'microblaze_0' is selected.
01:28:32 INFO  : 'con' command is executed.
01:28:32 INFO  : ----------------XSDB Script (After Launch)----------------
targets -set -nocase -filter {name =~ "*microblaze*#0" && bscan=="USER2" }
con
----------------End of Script----------------

01:28:32 INFO  : Disconnected from the channel tcfchan#2.
01:29:03 INFO  : Checking for BSP changes to sync application flags for project 'blink'...
01:29:08 INFO  : Connected to target on host '127.0.0.1' and port '3121'.
01:29:08 INFO  : Jtag cable 'RealDigital Boo 88742923010BA' is selected.
01:29:08 INFO  : 'jtag frequency' command is executed.
01:29:08 INFO  : 'targets -set -filter {jtag_cable_name =~ "RealDigital Boo 88742923010BA" && level==0 && jtag_device_ctx=="jsn1-0362f093-0"}' command is executed.
01:29:10 INFO  : Device configured successfully with "D:/ECE385/ECElab6/blink/_ide/bitstream/mb_intro_top.bit"
01:29:10 INFO  : Context for processor 'microblaze_0' is selected.
01:29:10 INFO  : Hardware design and registers information is loaded from 'D:/ECE385/ECElab6/mb_intro_top/export/mb_intro_top/hw/mb_intro_top.xsa'.
01:29:10 INFO  : 'configparams mdm-detect-bscan-mask 2' command is executed.
01:29:10 INFO  : Context for processor 'microblaze_0' is selected.
01:29:10 INFO  : System reset is completed.
01:29:13 INFO  : 'after 3000' command is executed.
01:29:13 INFO  : Context for processor 'microblaze_0' is selected.
01:29:13 INFO  : The application 'D:/ECE385/ECElab6/blink/Debug/blink.elf' is downloaded to processor 'microblaze_0'.
01:29:13 INFO  : ----------------XSDB Script----------------
connect -url tcp:127.0.0.1:3121
targets -set -filter {jtag_cable_name =~ "RealDigital Boo 88742923010BA" && level==0 && jtag_device_ctx=="jsn1-0362f093-0"}
fpga -file D:/ECE385/ECElab6/blink/_ide/bitstream/mb_intro_top.bit
targets -set -nocase -filter {name =~ "*microblaze*#0" && bscan=="USER2" }
loadhw -hw D:/ECE385/ECElab6/mb_intro_top/export/mb_intro_top/hw/mb_intro_top.xsa -regs
configparams mdm-detect-bscan-mask 2
targets -set -nocase -filter {name =~ "*microblaze*#0" && bscan=="USER2" }
rst -system
after 3000
targets -set -nocase -filter {name =~ "*microblaze*#0" && bscan=="USER2" }
dow D:/ECE385/ECElab6/blink/Debug/blink.elf
----------------End of Script----------------

01:29:13 INFO  : Context for processor 'microblaze_0' is selected.
01:29:13 INFO  : 'con' command is executed.
01:29:13 INFO  : ----------------XSDB Script (After Launch)----------------
targets -set -nocase -filter {name =~ "*microblaze*#0" && bscan=="USER2" }
con
----------------End of Script----------------

01:29:13 INFO  : Disconnected from the channel tcfchan#3.
01:30:27 INFO  : Checking for BSP changes to sync application flags for project 'blink'...
01:30:33 INFO  : Connected to target on host '127.0.0.1' and port '3121'.
01:30:34 INFO  : Jtag cable 'RealDigital Boo 88742923010BA' is selected.
01:30:34 INFO  : 'jtag frequency' command is executed.
01:30:34 INFO  : 'targets -set -filter {jtag_cable_name =~ "RealDigital Boo 88742923010BA" && level==0 && jtag_device_ctx=="jsn1-0362f093-0"}' command is executed.
01:30:35 INFO  : Device configured successfully with "D:/ECE385/ECElab6/blink/_ide/bitstream/mb_intro_top.bit"
01:30:35 INFO  : Context for processor 'microblaze_0' is selected.
01:30:35 INFO  : Hardware design and registers information is loaded from 'D:/ECE385/ECElab6/mb_intro_top/export/mb_intro_top/hw/mb_intro_top.xsa'.
01:30:35 INFO  : 'configparams mdm-detect-bscan-mask 2' command is executed.
01:30:35 INFO  : Context for processor 'microblaze_0' is selected.
01:30:35 INFO  : System reset is completed.
01:30:38 INFO  : 'after 3000' command is executed.
01:30:38 INFO  : Context for processor 'microblaze_0' is selected.
01:30:38 INFO  : The application 'D:/ECE385/ECElab6/blink/Debug/blink.elf' is downloaded to processor 'microblaze_0'.
01:30:38 INFO  : ----------------XSDB Script----------------
connect -url tcp:127.0.0.1:3121
targets -set -filter {jtag_cable_name =~ "RealDigital Boo 88742923010BA" && level==0 && jtag_device_ctx=="jsn1-0362f093-0"}
fpga -file D:/ECE385/ECElab6/blink/_ide/bitstream/mb_intro_top.bit
targets -set -nocase -filter {name =~ "*microblaze*#0" && bscan=="USER2" }
loadhw -hw D:/ECE385/ECElab6/mb_intro_top/export/mb_intro_top/hw/mb_intro_top.xsa -regs
configparams mdm-detect-bscan-mask 2
targets -set -nocase -filter {name =~ "*microblaze*#0" && bscan=="USER2" }
rst -system
after 3000
targets -set -nocase -filter {name =~ "*microblaze*#0" && bscan=="USER2" }
dow D:/ECE385/ECElab6/blink/Debug/blink.elf
----------------End of Script----------------

01:30:38 INFO  : Context for processor 'microblaze_0' is selected.
01:30:38 INFO  : 'con' command is executed.
01:30:38 INFO  : ----------------XSDB Script (After Launch)----------------
targets -set -nocase -filter {name =~ "*microblaze*#0" && bscan=="USER2" }
con
----------------End of Script----------------

01:30:38 INFO  : Disconnected from the channel tcfchan#4.
01:31:06 INFO  : Checking for BSP changes to sync application flags for project 'blink'...
01:31:09 INFO  : Connected to target on host '127.0.0.1' and port '3121'.
01:31:10 INFO  : Jtag cable 'RealDigital Boo 88742923010BA' is selected.
01:31:10 INFO  : 'jtag frequency' command is executed.
01:31:10 INFO  : 'targets -set -filter {jtag_cable_name =~ "RealDigital Boo 88742923010BA" && level==0 && jtag_device_ctx=="jsn1-0362f093-0"}' command is executed.
01:31:11 INFO  : Device configured successfully with "D:/ECE385/ECElab6/blink/_ide/bitstream/mb_intro_top.bit"
01:31:11 INFO  : Context for processor 'microblaze_0' is selected.
01:31:11 INFO  : Hardware design and registers information is loaded from 'D:/ECE385/ECElab6/mb_intro_top/export/mb_intro_top/hw/mb_intro_top.xsa'.
01:31:11 INFO  : 'configparams mdm-detect-bscan-mask 2' command is executed.
01:31:11 INFO  : Context for processor 'microblaze_0' is selected.
01:31:11 INFO  : System reset is completed.
01:31:14 INFO  : 'after 3000' command is executed.
01:31:14 INFO  : Context for processor 'microblaze_0' is selected.
01:31:14 INFO  : The application 'D:/ECE385/ECElab6/blink/Debug/blink.elf' is downloaded to processor 'microblaze_0'.
01:31:14 INFO  : ----------------XSDB Script----------------
connect -url tcp:127.0.0.1:3121
targets -set -filter {jtag_cable_name =~ "RealDigital Boo 88742923010BA" && level==0 && jtag_device_ctx=="jsn1-0362f093-0"}
fpga -file D:/ECE385/ECElab6/blink/_ide/bitstream/mb_intro_top.bit
targets -set -nocase -filter {name =~ "*microblaze*#0" && bscan=="USER2" }
loadhw -hw D:/ECE385/ECElab6/mb_intro_top/export/mb_intro_top/hw/mb_intro_top.xsa -regs
configparams mdm-detect-bscan-mask 2
targets -set -nocase -filter {name =~ "*microblaze*#0" && bscan=="USER2" }
rst -system
after 3000
targets -set -nocase -filter {name =~ "*microblaze*#0" && bscan=="USER2" }
dow D:/ECE385/ECElab6/blink/Debug/blink.elf
----------------End of Script----------------

01:31:15 INFO  : Context for processor 'microblaze_0' is selected.
01:31:15 INFO  : 'con' command is executed.
01:31:15 INFO  : ----------------XSDB Script (After Launch)----------------
targets -set -nocase -filter {name =~ "*microblaze*#0" && bscan=="USER2" }
con
----------------End of Script----------------

01:31:15 INFO  : Disconnected from the channel tcfchan#5.
01:32:09 INFO  : Checking for BSP changes to sync application flags for project 'blink'...
01:32:13 INFO  : Connected to target on host '127.0.0.1' and port '3121'.
01:32:14 INFO  : Jtag cable 'RealDigital Boo 88742923010BA' is selected.
01:32:14 INFO  : 'jtag frequency' command is executed.
01:32:14 INFO  : 'targets -set -filter {jtag_cable_name =~ "RealDigital Boo 88742923010BA" && level==0 && jtag_device_ctx=="jsn1-0362f093-0"}' command is executed.
01:32:15 INFO  : Device configured successfully with "D:/ECE385/ECElab6/blink/_ide/bitstream/mb_intro_top.bit"
01:32:15 INFO  : Context for processor 'microblaze_0' is selected.
01:32:15 INFO  : Hardware design and registers information is loaded from 'D:/ECE385/ECElab6/mb_intro_top/export/mb_intro_top/hw/mb_intro_top.xsa'.
01:32:15 INFO  : 'configparams mdm-detect-bscan-mask 2' command is executed.
01:32:15 INFO  : Context for processor 'microblaze_0' is selected.
01:32:15 INFO  : System reset is completed.
01:32:18 INFO  : 'after 3000' command is executed.
01:32:18 INFO  : Context for processor 'microblaze_0' is selected.
01:32:18 INFO  : The application 'D:/ECE385/ECElab6/blink/Debug/blink.elf' is downloaded to processor 'microblaze_0'.
01:32:18 INFO  : ----------------XSDB Script----------------
connect -url tcp:127.0.0.1:3121
targets -set -filter {jtag_cable_name =~ "RealDigital Boo 88742923010BA" && level==0 && jtag_device_ctx=="jsn1-0362f093-0"}
fpga -file D:/ECE385/ECElab6/blink/_ide/bitstream/mb_intro_top.bit
targets -set -nocase -filter {name =~ "*microblaze*#0" && bscan=="USER2" }
loadhw -hw D:/ECE385/ECElab6/mb_intro_top/export/mb_intro_top/hw/mb_intro_top.xsa -regs
configparams mdm-detect-bscan-mask 2
targets -set -nocase -filter {name =~ "*microblaze*#0" && bscan=="USER2" }
rst -system
after 3000
targets -set -nocase -filter {name =~ "*microblaze*#0" && bscan=="USER2" }
dow D:/ECE385/ECElab6/blink/Debug/blink.elf
----------------End of Script----------------

01:32:18 INFO  : Context for processor 'microblaze_0' is selected.
01:32:18 INFO  : 'con' command is executed.
01:32:18 INFO  : ----------------XSDB Script (After Launch)----------------
targets -set -nocase -filter {name =~ "*microblaze*#0" && bscan=="USER2" }
con
----------------End of Script----------------

01:32:18 INFO  : Disconnected from the channel tcfchan#6.
01:32:40 INFO  : Checking for BSP changes to sync application flags for project 'blink'...
01:32:46 INFO  : Connected to target on host '127.0.0.1' and port '3121'.
01:32:46 INFO  : Jtag cable 'RealDigital Boo 88742923010BA' is selected.
01:32:46 INFO  : 'jtag frequency' command is executed.
01:32:46 INFO  : 'targets -set -filter {jtag_cable_name =~ "RealDigital Boo 88742923010BA" && level==0 && jtag_device_ctx=="jsn1-0362f093-0"}' command is executed.
01:32:48 INFO  : Device configured successfully with "D:/ECE385/ECElab6/blink/_ide/bitstream/mb_intro_top.bit"
01:32:48 INFO  : Context for processor 'microblaze_0' is selected.
01:32:48 INFO  : Hardware design and registers information is loaded from 'D:/ECE385/ECElab6/mb_intro_top/export/mb_intro_top/hw/mb_intro_top.xsa'.
01:32:48 INFO  : 'configparams mdm-detect-bscan-mask 2' command is executed.
01:32:48 INFO  : Context for processor 'microblaze_0' is selected.
01:32:48 INFO  : System reset is completed.
01:32:51 INFO  : 'after 3000' command is executed.
01:32:51 INFO  : Context for processor 'microblaze_0' is selected.
01:32:51 INFO  : The application 'D:/ECE385/ECElab6/blink/Debug/blink.elf' is downloaded to processor 'microblaze_0'.
01:32:51 INFO  : ----------------XSDB Script----------------
connect -url tcp:127.0.0.1:3121
targets -set -filter {jtag_cable_name =~ "RealDigital Boo 88742923010BA" && level==0 && jtag_device_ctx=="jsn1-0362f093-0"}
fpga -file D:/ECE385/ECElab6/blink/_ide/bitstream/mb_intro_top.bit
targets -set -nocase -filter {name =~ "*microblaze*#0" && bscan=="USER2" }
loadhw -hw D:/ECE385/ECElab6/mb_intro_top/export/mb_intro_top/hw/mb_intro_top.xsa -regs
configparams mdm-detect-bscan-mask 2
targets -set -nocase -filter {name =~ "*microblaze*#0" && bscan=="USER2" }
rst -system
after 3000
targets -set -nocase -filter {name =~ "*microblaze*#0" && bscan=="USER2" }
dow D:/ECE385/ECElab6/blink/Debug/blink.elf
----------------End of Script----------------

01:32:51 INFO  : Context for processor 'microblaze_0' is selected.
01:32:51 INFO  : 'con' command is executed.
01:32:51 INFO  : ----------------XSDB Script (After Launch)----------------
targets -set -nocase -filter {name =~ "*microblaze*#0" && bscan=="USER2" }
con
----------------End of Script----------------

01:32:51 INFO  : Disconnected from the channel tcfchan#7.
01:32:59 INFO  : Checking for BSP changes to sync application flags for project 'blink'...
01:33:06 INFO  : Connected to target on host '127.0.0.1' and port '3121'.
01:33:07 INFO  : Jtag cable 'RealDigital Boo 88742923010BA' is selected.
01:33:07 INFO  : 'jtag frequency' command is executed.
01:33:07 INFO  : 'targets -set -filter {jtag_cable_name =~ "RealDigital Boo 88742923010BA" && level==0 && jtag_device_ctx=="jsn1-0362f093-0"}' command is executed.
01:33:08 INFO  : Device configured successfully with "D:/ECE385/ECElab6/blink/_ide/bitstream/mb_intro_top.bit"
01:33:08 INFO  : Context for processor 'microblaze_0' is selected.
01:33:08 INFO  : Hardware design and registers information is loaded from 'D:/ECE385/ECElab6/mb_intro_top/export/mb_intro_top/hw/mb_intro_top.xsa'.
01:33:08 INFO  : 'configparams mdm-detect-bscan-mask 2' command is executed.
01:33:08 INFO  : Context for processor 'microblaze_0' is selected.
01:33:08 INFO  : System reset is completed.
01:33:11 INFO  : 'after 3000' command is executed.
01:33:11 INFO  : Context for processor 'microblaze_0' is selected.
01:33:11 INFO  : The application 'D:/ECE385/ECElab6/blink/Debug/blink.elf' is downloaded to processor 'microblaze_0'.
01:33:11 INFO  : ----------------XSDB Script----------------
connect -url tcp:127.0.0.1:3121
targets -set -filter {jtag_cable_name =~ "RealDigital Boo 88742923010BA" && level==0 && jtag_device_ctx=="jsn1-0362f093-0"}
fpga -file D:/ECE385/ECElab6/blink/_ide/bitstream/mb_intro_top.bit
targets -set -nocase -filter {name =~ "*microblaze*#0" && bscan=="USER2" }
loadhw -hw D:/ECE385/ECElab6/mb_intro_top/export/mb_intro_top/hw/mb_intro_top.xsa -regs
configparams mdm-detect-bscan-mask 2
targets -set -nocase -filter {name =~ "*microblaze*#0" && bscan=="USER2" }
rst -system
after 3000
targets -set -nocase -filter {name =~ "*microblaze*#0" && bscan=="USER2" }
dow D:/ECE385/ECElab6/blink/Debug/blink.elf
----------------End of Script----------------

01:33:11 INFO  : Context for processor 'microblaze_0' is selected.
01:33:12 INFO  : 'con' command is executed.
01:33:12 INFO  : ----------------XSDB Script (After Launch)----------------
targets -set -nocase -filter {name =~ "*microblaze*#0" && bscan=="USER2" }
con
----------------End of Script----------------

01:33:12 INFO  : Disconnected from the channel tcfchan#8.
01:33:31 INFO  : Checking for BSP changes to sync application flags for project 'blink'...
01:33:43 INFO  : Connected to target on host '127.0.0.1' and port '3121'.
01:33:44 INFO  : Jtag cable 'RealDigital Boo 88742923010BA' is selected.
01:33:44 INFO  : 'jtag frequency' command is executed.
01:33:44 INFO  : 'targets -set -filter {jtag_cable_name =~ "RealDigital Boo 88742923010BA" && level==0 && jtag_device_ctx=="jsn1-0362f093-0"}' command is executed.
01:33:45 INFO  : Device configured successfully with "D:/ECE385/ECElab6/blink/_ide/bitstream/mb_intro_top.bit"
01:33:45 INFO  : Context for processor 'microblaze_0' is selected.
01:33:45 INFO  : Hardware design and registers information is loaded from 'D:/ECE385/ECElab6/mb_intro_top/export/mb_intro_top/hw/mb_intro_top.xsa'.
01:33:45 INFO  : 'configparams mdm-detect-bscan-mask 2' command is executed.
01:33:45 INFO  : Context for processor 'microblaze_0' is selected.
01:33:45 INFO  : System reset is completed.
01:33:48 INFO  : 'after 3000' command is executed.
01:33:48 INFO  : Context for processor 'microblaze_0' is selected.
01:33:49 INFO  : The application 'D:/ECE385/ECElab6/blink/Debug/blink.elf' is downloaded to processor 'microblaze_0'.
01:33:49 INFO  : ----------------XSDB Script----------------
connect -url tcp:127.0.0.1:3121
targets -set -filter {jtag_cable_name =~ "RealDigital Boo 88742923010BA" && level==0 && jtag_device_ctx=="jsn1-0362f093-0"}
fpga -file D:/ECE385/ECElab6/blink/_ide/bitstream/mb_intro_top.bit
targets -set -nocase -filter {name =~ "*microblaze*#0" && bscan=="USER2" }
loadhw -hw D:/ECE385/ECElab6/mb_intro_top/export/mb_intro_top/hw/mb_intro_top.xsa -regs
configparams mdm-detect-bscan-mask 2
targets -set -nocase -filter {name =~ "*microblaze*#0" && bscan=="USER2" }
rst -system
after 3000
targets -set -nocase -filter {name =~ "*microblaze*#0" && bscan=="USER2" }
dow D:/ECE385/ECElab6/blink/Debug/blink.elf
----------------End of Script----------------

01:33:49 INFO  : Context for processor 'microblaze_0' is selected.
01:33:49 INFO  : 'con' command is executed.
01:33:49 INFO  : ----------------XSDB Script (After Launch)----------------
targets -set -nocase -filter {name =~ "*microblaze*#0" && bscan=="USER2" }
con
----------------End of Script----------------

01:33:49 INFO  : Disconnected from the channel tcfchan#9.
01:34:16 INFO  : Checking for BSP changes to sync application flags for project 'blink'...
01:34:21 INFO  : Connected to target on host '127.0.0.1' and port '3121'.
01:34:21 INFO  : Jtag cable 'RealDigital Boo 88742923010BA' is selected.
01:34:21 INFO  : 'jtag frequency' command is executed.
01:34:21 INFO  : 'targets -set -filter {jtag_cable_name =~ "RealDigital Boo 88742923010BA" && level==0 && jtag_device_ctx=="jsn1-0362f093-0"}' command is executed.
01:34:23 INFO  : Device configured successfully with "D:/ECE385/ECElab6/blink/_ide/bitstream/mb_intro_top.bit"
01:34:23 INFO  : Context for processor 'microblaze_0' is selected.
01:34:23 INFO  : Hardware design and registers information is loaded from 'D:/ECE385/ECElab6/mb_intro_top/export/mb_intro_top/hw/mb_intro_top.xsa'.
01:34:23 INFO  : 'configparams mdm-detect-bscan-mask 2' command is executed.
01:34:23 INFO  : Context for processor 'microblaze_0' is selected.
01:34:23 INFO  : System reset is completed.
01:34:26 INFO  : 'after 3000' command is executed.
01:34:26 INFO  : Context for processor 'microblaze_0' is selected.
01:34:26 INFO  : The application 'D:/ECE385/ECElab6/blink/Debug/blink.elf' is downloaded to processor 'microblaze_0'.
01:34:26 INFO  : ----------------XSDB Script----------------
connect -url tcp:127.0.0.1:3121
targets -set -filter {jtag_cable_name =~ "RealDigital Boo 88742923010BA" && level==0 && jtag_device_ctx=="jsn1-0362f093-0"}
fpga -file D:/ECE385/ECElab6/blink/_ide/bitstream/mb_intro_top.bit
targets -set -nocase -filter {name =~ "*microblaze*#0" && bscan=="USER2" }
loadhw -hw D:/ECE385/ECElab6/mb_intro_top/export/mb_intro_top/hw/mb_intro_top.xsa -regs
configparams mdm-detect-bscan-mask 2
targets -set -nocase -filter {name =~ "*microblaze*#0" && bscan=="USER2" }
rst -system
after 3000
targets -set -nocase -filter {name =~ "*microblaze*#0" && bscan=="USER2" }
dow D:/ECE385/ECElab6/blink/Debug/blink.elf
----------------End of Script----------------

01:34:26 INFO  : Context for processor 'microblaze_0' is selected.
01:34:26 INFO  : 'con' command is executed.
01:34:26 INFO  : ----------------XSDB Script (After Launch)----------------
targets -set -nocase -filter {name =~ "*microblaze*#0" && bscan=="USER2" }
con
----------------End of Script----------------

01:34:26 INFO  : Disconnected from the channel tcfchan#10.
01:35:45 INFO  : Checking for BSP changes to sync application flags for project 'blink'...
01:35:50 INFO  : Connected to target on host '127.0.0.1' and port '3121'.
01:35:50 INFO  : Jtag cable 'RealDigital Boo 88742923010BA' is selected.
01:35:50 INFO  : 'jtag frequency' command is executed.
01:35:50 INFO  : 'targets -set -filter {jtag_cable_name =~ "RealDigital Boo 88742923010BA" && level==0 && jtag_device_ctx=="jsn1-0362f093-0"}' command is executed.
01:35:52 INFO  : Device configured successfully with "D:/ECE385/ECElab6/blink/_ide/bitstream/mb_intro_top.bit"
01:35:52 INFO  : Context for processor 'microblaze_0' is selected.
01:35:52 INFO  : Hardware design and registers information is loaded from 'D:/ECE385/ECElab6/mb_intro_top/export/mb_intro_top/hw/mb_intro_top.xsa'.
01:35:52 INFO  : 'configparams mdm-detect-bscan-mask 2' command is executed.
01:35:52 INFO  : Context for processor 'microblaze_0' is selected.
01:35:52 INFO  : System reset is completed.
01:35:55 INFO  : 'after 3000' command is executed.
01:35:55 INFO  : Context for processor 'microblaze_0' is selected.
01:35:55 INFO  : The application 'D:/ECE385/ECElab6/blink/Debug/blink.elf' is downloaded to processor 'microblaze_0'.
01:35:55 INFO  : ----------------XSDB Script----------------
connect -url tcp:127.0.0.1:3121
targets -set -filter {jtag_cable_name =~ "RealDigital Boo 88742923010BA" && level==0 && jtag_device_ctx=="jsn1-0362f093-0"}
fpga -file D:/ECE385/ECElab6/blink/_ide/bitstream/mb_intro_top.bit
targets -set -nocase -filter {name =~ "*microblaze*#0" && bscan=="USER2" }
loadhw -hw D:/ECE385/ECElab6/mb_intro_top/export/mb_intro_top/hw/mb_intro_top.xsa -regs
configparams mdm-detect-bscan-mask 2
targets -set -nocase -filter {name =~ "*microblaze*#0" && bscan=="USER2" }
rst -system
after 3000
targets -set -nocase -filter {name =~ "*microblaze*#0" && bscan=="USER2" }
dow D:/ECE385/ECElab6/blink/Debug/blink.elf
----------------End of Script----------------

01:35:55 INFO  : Context for processor 'microblaze_0' is selected.
01:35:55 INFO  : 'con' command is executed.
01:35:55 INFO  : ----------------XSDB Script (After Launch)----------------
targets -set -nocase -filter {name =~ "*microblaze*#0" && bscan=="USER2" }
con
----------------End of Script----------------

01:35:55 INFO  : Disconnected from the channel tcfchan#11.
01:37:42 INFO  : Checking for BSP changes to sync application flags for project 'blink'...
01:37:47 INFO  : Connected to target on host '127.0.0.1' and port '3121'.
01:37:48 INFO  : Jtag cable 'RealDigital Boo 88742923010BA' is selected.
01:37:48 INFO  : 'jtag frequency' command is executed.
01:37:48 INFO  : 'targets -set -filter {jtag_cable_name =~ "RealDigital Boo 88742923010BA" && level==0 && jtag_device_ctx=="jsn1-0362f093-0"}' command is executed.
01:37:49 INFO  : Device configured successfully with "D:/ECE385/ECElab6/blink/_ide/bitstream/mb_intro_top.bit"
01:37:49 INFO  : Context for processor 'microblaze_0' is selected.
01:37:49 INFO  : Hardware design and registers information is loaded from 'D:/ECE385/ECElab6/mb_intro_top/export/mb_intro_top/hw/mb_intro_top.xsa'.
01:37:49 INFO  : 'configparams mdm-detect-bscan-mask 2' command is executed.
01:37:49 INFO  : Context for processor 'microblaze_0' is selected.
01:37:49 INFO  : System reset is completed.
01:37:52 INFO  : 'after 3000' command is executed.
01:37:52 INFO  : Context for processor 'microblaze_0' is selected.
01:37:52 INFO  : The application 'D:/ECE385/ECElab6/blink/Debug/blink.elf' is downloaded to processor 'microblaze_0'.
01:37:52 INFO  : ----------------XSDB Script----------------
connect -url tcp:127.0.0.1:3121
targets -set -filter {jtag_cable_name =~ "RealDigital Boo 88742923010BA" && level==0 && jtag_device_ctx=="jsn1-0362f093-0"}
fpga -file D:/ECE385/ECElab6/blink/_ide/bitstream/mb_intro_top.bit
targets -set -nocase -filter {name =~ "*microblaze*#0" && bscan=="USER2" }
loadhw -hw D:/ECE385/ECElab6/mb_intro_top/export/mb_intro_top/hw/mb_intro_top.xsa -regs
configparams mdm-detect-bscan-mask 2
targets -set -nocase -filter {name =~ "*microblaze*#0" && bscan=="USER2" }
rst -system
after 3000
targets -set -nocase -filter {name =~ "*microblaze*#0" && bscan=="USER2" }
dow D:/ECE385/ECElab6/blink/Debug/blink.elf
----------------End of Script----------------

01:37:52 INFO  : Context for processor 'microblaze_0' is selected.
01:37:52 INFO  : 'con' command is executed.
01:37:52 INFO  : ----------------XSDB Script (After Launch)----------------
targets -set -nocase -filter {name =~ "*microblaze*#0" && bscan=="USER2" }
con
----------------End of Script----------------

01:37:52 INFO  : Disconnected from the channel tcfchan#12.
01:38:19 INFO  : Checking for BSP changes to sync application flags for project 'blink'...
01:38:26 INFO  : Connected to target on host '127.0.0.1' and port '3121'.
01:38:26 INFO  : Jtag cable 'RealDigital Boo 88742923010BA' is selected.
01:38:26 INFO  : 'jtag frequency' command is executed.
01:38:26 INFO  : 'targets -set -filter {jtag_cable_name =~ "RealDigital Boo 88742923010BA" && level==0 && jtag_device_ctx=="jsn1-0362f093-0"}' command is executed.
01:38:27 INFO  : Device configured successfully with "D:/ECE385/ECElab6/blink/_ide/bitstream/mb_intro_top.bit"
01:38:28 INFO  : Context for processor 'microblaze_0' is selected.
01:38:28 INFO  : Hardware design and registers information is loaded from 'D:/ECE385/ECElab6/mb_intro_top/export/mb_intro_top/hw/mb_intro_top.xsa'.
01:38:28 INFO  : 'configparams mdm-detect-bscan-mask 2' command is executed.
01:38:28 INFO  : Context for processor 'microblaze_0' is selected.
01:38:28 INFO  : System reset is completed.
01:38:31 INFO  : 'after 3000' command is executed.
01:38:31 INFO  : Context for processor 'microblaze_0' is selected.
01:38:31 INFO  : The application 'D:/ECE385/ECElab6/blink/Debug/blink.elf' is downloaded to processor 'microblaze_0'.
01:38:31 INFO  : ----------------XSDB Script----------------
connect -url tcp:127.0.0.1:3121
targets -set -filter {jtag_cable_name =~ "RealDigital Boo 88742923010BA" && level==0 && jtag_device_ctx=="jsn1-0362f093-0"}
fpga -file D:/ECE385/ECElab6/blink/_ide/bitstream/mb_intro_top.bit
targets -set -nocase -filter {name =~ "*microblaze*#0" && bscan=="USER2" }
loadhw -hw D:/ECE385/ECElab6/mb_intro_top/export/mb_intro_top/hw/mb_intro_top.xsa -regs
configparams mdm-detect-bscan-mask 2
targets -set -nocase -filter {name =~ "*microblaze*#0" && bscan=="USER2" }
rst -system
after 3000
targets -set -nocase -filter {name =~ "*microblaze*#0" && bscan=="USER2" }
dow D:/ECE385/ECElab6/blink/Debug/blink.elf
----------------End of Script----------------

01:38:31 INFO  : Context for processor 'microblaze_0' is selected.
01:38:31 INFO  : 'con' command is executed.
01:38:31 INFO  : ----------------XSDB Script (After Launch)----------------
targets -set -nocase -filter {name =~ "*microblaze*#0" && bscan=="USER2" }
con
----------------End of Script----------------

01:38:31 INFO  : Disconnected from the channel tcfchan#13.
01:40:41 INFO  : Checking for BSP changes to sync application flags for project 'blink'...
01:40:46 INFO  : Connected to target on host '127.0.0.1' and port '3121'.
01:40:47 INFO  : Jtag cable 'RealDigital Boo 88742923010BA' is selected.
01:40:47 INFO  : 'jtag frequency' command is executed.
01:40:47 INFO  : 'targets -set -filter {jtag_cable_name =~ "RealDigital Boo 88742923010BA" && level==0 && jtag_device_ctx=="jsn1-0362f093-0"}' command is executed.
01:40:48 INFO  : Device configured successfully with "D:/ECE385/ECElab6/blink/_ide/bitstream/mb_intro_top.bit"
01:40:48 INFO  : Context for processor 'microblaze_0' is selected.
01:40:48 INFO  : Hardware design and registers information is loaded from 'D:/ECE385/ECElab6/mb_intro_top/export/mb_intro_top/hw/mb_intro_top.xsa'.
01:40:48 INFO  : 'configparams mdm-detect-bscan-mask 2' command is executed.
01:40:48 INFO  : Context for processor 'microblaze_0' is selected.
01:40:48 INFO  : System reset is completed.
01:40:51 INFO  : 'after 3000' command is executed.
01:40:51 INFO  : Context for processor 'microblaze_0' is selected.
01:40:52 INFO  : The application 'D:/ECE385/ECElab6/blink/Debug/blink.elf' is downloaded to processor 'microblaze_0'.
01:40:52 INFO  : ----------------XSDB Script----------------
connect -url tcp:127.0.0.1:3121
targets -set -filter {jtag_cable_name =~ "RealDigital Boo 88742923010BA" && level==0 && jtag_device_ctx=="jsn1-0362f093-0"}
fpga -file D:/ECE385/ECElab6/blink/_ide/bitstream/mb_intro_top.bit
targets -set -nocase -filter {name =~ "*microblaze*#0" && bscan=="USER2" }
loadhw -hw D:/ECE385/ECElab6/mb_intro_top/export/mb_intro_top/hw/mb_intro_top.xsa -regs
configparams mdm-detect-bscan-mask 2
targets -set -nocase -filter {name =~ "*microblaze*#0" && bscan=="USER2" }
rst -system
after 3000
targets -set -nocase -filter {name =~ "*microblaze*#0" && bscan=="USER2" }
dow D:/ECE385/ECElab6/blink/Debug/blink.elf
----------------End of Script----------------

01:40:52 INFO  : Context for processor 'microblaze_0' is selected.
01:40:52 INFO  : 'con' command is executed.
01:40:52 INFO  : ----------------XSDB Script (After Launch)----------------
targets -set -nocase -filter {name =~ "*microblaze*#0" && bscan=="USER2" }
con
----------------End of Script----------------

01:40:52 INFO  : Disconnected from the channel tcfchan#14.
01:42:02 INFO  : Checking for BSP changes to sync application flags for project 'blink'...
01:42:28 INFO  : Checking for BSP changes to sync application flags for project 'blink'...
01:42:39 INFO  : Checking for BSP changes to sync application flags for project 'blink'...
01:42:51 INFO  : Checking for BSP changes to sync application flags for project 'blink'...
01:43:07 INFO  : Checking for BSP changes to sync application flags for project 'blink'...
01:47:25 INFO  : Checking for BSP changes to sync application flags for project 'blink'...
01:48:11 INFO  : Checking for BSP changes to sync application flags for project 'blink'...
01:48:52 INFO  : Checking for BSP changes to sync application flags for project 'blink'...
01:49:21 INFO  : Checking for BSP changes to sync application flags for project 'blink'...
01:49:35 INFO  : Checking for BSP changes to sync application flags for project 'blink'...
01:50:27 INFO  : Checking for BSP changes to sync application flags for project 'blink'...
01:50:34 INFO  : Connected to target on host '127.0.0.1' and port '3121'.
01:50:34 INFO  : Jtag cable 'RealDigital Boo 88742923010BA' is selected.
01:50:34 INFO  : 'jtag frequency' command is executed.
01:50:34 INFO  : 'targets -set -filter {jtag_cable_name =~ "RealDigital Boo 88742923010BA" && level==0 && jtag_device_ctx=="jsn1-0362f093-0"}' command is executed.
01:50:36 INFO  : Device configured successfully with "D:/ECE385/ECElab6/blink/_ide/bitstream/mb_intro_top.bit"
01:50:36 INFO  : Context for processor 'microblaze_0' is selected.
01:50:36 INFO  : Hardware design and registers information is loaded from 'D:/ECE385/ECElab6/mb_intro_top/export/mb_intro_top/hw/mb_intro_top.xsa'.
01:50:36 INFO  : 'configparams mdm-detect-bscan-mask 2' command is executed.
01:50:36 INFO  : Context for processor 'microblaze_0' is selected.
01:50:36 INFO  : System reset is completed.
01:50:39 INFO  : 'after 3000' command is executed.
01:50:39 INFO  : ----------------XSDB Script----------------
connect -url tcp:127.0.0.1:3121
targets -set -filter {jtag_cable_name =~ "RealDigital Boo 88742923010BA" && level==0 && jtag_device_ctx=="jsn1-0362f093-0"}
fpga -file D:/ECE385/ECElab6/blink/_ide/bitstream/mb_intro_top.bit
targets -set -nocase -filter {name =~ "*microblaze*#0" && bscan=="USER2" }
loadhw -hw D:/ECE385/ECElab6/mb_intro_top/export/mb_intro_top/hw/mb_intro_top.xsa -regs
configparams mdm-detect-bscan-mask 2
targets -set -nocase -filter {name =~ "*microblaze*#0" && bscan=="USER2" }
rst -system
after 3000
----------------End of Script----------------

01:50:39 INFO  : Disconnected from the channel tcfchan#15.
01:50:56 INFO  : Checking for BSP changes to sync application flags for project 'blink'...
01:51:00 INFO  : Connected to target on host '127.0.0.1' and port '3121'.
01:51:01 INFO  : Jtag cable 'RealDigital Boo 88742923010BA' is selected.
01:51:01 INFO  : 'jtag frequency' command is executed.
01:51:01 INFO  : 'targets -set -filter {jtag_cable_name =~ "RealDigital Boo 88742923010BA" && level==0 && jtag_device_ctx=="jsn1-0362f093-0"}' command is executed.
01:51:02 INFO  : Device configured successfully with "D:/ECE385/ECElab6/blink/_ide/bitstream/mb_intro_top.bit"
01:51:02 INFO  : Context for processor 'microblaze_0' is selected.
01:51:02 INFO  : Hardware design and registers information is loaded from 'D:/ECE385/ECElab6/mb_intro_top/export/mb_intro_top/hw/mb_intro_top.xsa'.
01:51:02 INFO  : 'configparams mdm-detect-bscan-mask 2' command is executed.
01:51:02 INFO  : Context for processor 'microblaze_0' is selected.
01:51:02 INFO  : System reset is completed.
01:51:05 INFO  : 'after 3000' command is executed.
01:51:05 INFO  : Context for processor 'microblaze_0' is selected.
01:51:05 INFO  : The application 'D:/ECE385/ECElab6/blink/Debug/blink.elf' is downloaded to processor 'microblaze_0'.
01:51:05 INFO  : ----------------XSDB Script----------------
connect -url tcp:127.0.0.1:3121
targets -set -filter {jtag_cable_name =~ "RealDigital Boo 88742923010BA" && level==0 && jtag_device_ctx=="jsn1-0362f093-0"}
fpga -file D:/ECE385/ECElab6/blink/_ide/bitstream/mb_intro_top.bit
targets -set -nocase -filter {name =~ "*microblaze*#0" && bscan=="USER2" }
loadhw -hw D:/ECE385/ECElab6/mb_intro_top/export/mb_intro_top/hw/mb_intro_top.xsa -regs
configparams mdm-detect-bscan-mask 2
targets -set -nocase -filter {name =~ "*microblaze*#0" && bscan=="USER2" }
rst -system
after 3000
targets -set -nocase -filter {name =~ "*microblaze*#0" && bscan=="USER2" }
dow D:/ECE385/ECElab6/blink/Debug/blink.elf
----------------End of Script----------------

01:51:05 INFO  : Context for processor 'microblaze_0' is selected.
01:51:05 INFO  : 'con' command is executed.
01:51:05 INFO  : ----------------XSDB Script (After Launch)----------------
targets -set -nocase -filter {name =~ "*microblaze*#0" && bscan=="USER2" }
con
----------------End of Script----------------

01:51:05 INFO  : Disconnected from the channel tcfchan#16.
01:52:33 INFO  : Checking for BSP changes to sync application flags for project 'blink'...
01:53:12 INFO  : Checking for BSP changes to sync application flags for project 'blink'...
01:54:24 INFO  : Checking for BSP changes to sync application flags for project 'blink'...
01:57:02 INFO  : Checking for BSP changes to sync application flags for project 'blink'...
01:59:13 INFO  : Checking for BSP changes to sync application flags for project 'blink'...
01:59:20 INFO  : Checking for BSP changes to sync application flags for project 'blink'...
02:00:02 INFO  : Checking for BSP changes to sync application flags for project 'blink'...
02:00:34 INFO  : Checking for BSP changes to sync application flags for project 'blink'...
02:01:27 INFO  : Checking for BSP changes to sync application flags for project 'blink'...
02:03:27 INFO  : Checking for BSP changes to sync application flags for project 'blink'...
02:04:31 INFO  : Checking for BSP changes to sync application flags for project 'blink'...
02:04:56 INFO  : Checking for BSP changes to sync application flags for project 'blink'...
02:07:09 INFO  : Checking for BSP changes to sync application flags for project 'blink'...
02:07:18 INFO  : Connected to target on host '127.0.0.1' and port '3121'.
02:07:19 INFO  : Jtag cable 'RealDigital Boo 88742923010BA' is selected.
02:07:19 INFO  : 'jtag frequency' command is executed.
02:07:19 INFO  : 'targets -set -filter {jtag_cable_name =~ "RealDigital Boo 88742923010BA" && level==0 && jtag_device_ctx=="jsn1-0362f093-0"}' command is executed.
02:07:20 INFO  : Device configured successfully with "D:/ECE385/ECElab6/blink/_ide/bitstream/mb_intro_top.bit"
02:07:20 INFO  : Context for processor 'microblaze_0' is selected.
02:07:20 INFO  : Hardware design and registers information is loaded from 'D:/ECE385/ECElab6/mb_intro_top/export/mb_intro_top/hw/mb_intro_top.xsa'.
02:07:20 INFO  : 'configparams mdm-detect-bscan-mask 2' command is executed.
02:07:20 INFO  : Context for processor 'microblaze_0' is selected.
02:07:20 INFO  : System reset is completed.
02:07:23 INFO  : 'after 3000' command is executed.
02:07:23 INFO  : Context for processor 'microblaze_0' is selected.
02:07:23 INFO  : The application 'D:/ECE385/ECElab6/blink/Debug/blink.elf' is downloaded to processor 'microblaze_0'.
02:07:23 INFO  : ----------------XSDB Script----------------
connect -url tcp:127.0.0.1:3121
targets -set -filter {jtag_cable_name =~ "RealDigital Boo 88742923010BA" && level==0 && jtag_device_ctx=="jsn1-0362f093-0"}
fpga -file D:/ECE385/ECElab6/blink/_ide/bitstream/mb_intro_top.bit
targets -set -nocase -filter {name =~ "*microblaze*#0" && bscan=="USER2" }
loadhw -hw D:/ECE385/ECElab6/mb_intro_top/export/mb_intro_top/hw/mb_intro_top.xsa -regs
configparams mdm-detect-bscan-mask 2
targets -set -nocase -filter {name =~ "*microblaze*#0" && bscan=="USER2" }
rst -system
after 3000
targets -set -nocase -filter {name =~ "*microblaze*#0" && bscan=="USER2" }
dow D:/ECE385/ECElab6/blink/Debug/blink.elf
----------------End of Script----------------

02:07:23 INFO  : Context for processor 'microblaze_0' is selected.
02:07:23 INFO  : 'con' command is executed.
02:07:23 INFO  : ----------------XSDB Script (After Launch)----------------
targets -set -nocase -filter {name =~ "*microblaze*#0" && bscan=="USER2" }
con
----------------End of Script----------------

02:07:24 INFO  : Disconnected from the channel tcfchan#17.
02:07:34 INFO  : Checking for BSP changes to sync application flags for project 'blink'...
02:07:43 INFO  : Connected to target on host '127.0.0.1' and port '3121'.
02:07:43 INFO  : Jtag cable 'RealDigital Boo 88742923010BA' is selected.
02:07:43 INFO  : 'jtag frequency' command is executed.
02:07:43 INFO  : 'targets -set -filter {jtag_cable_name =~ "RealDigital Boo 88742923010BA" && level==0 && jtag_device_ctx=="jsn1-0362f093-0"}' command is executed.
02:07:45 INFO  : Device configured successfully with "D:/ECE385/ECElab6/blink/_ide/bitstream/mb_intro_top.bit"
02:07:45 INFO  : Context for processor 'microblaze_0' is selected.
02:07:45 INFO  : Hardware design and registers information is loaded from 'D:/ECE385/ECElab6/mb_intro_top/export/mb_intro_top/hw/mb_intro_top.xsa'.
02:07:45 INFO  : 'configparams mdm-detect-bscan-mask 2' command is executed.
02:07:45 INFO  : Context for processor 'microblaze_0' is selected.
02:07:45 INFO  : System reset is completed.
02:07:48 INFO  : 'after 3000' command is executed.
02:07:48 INFO  : Context for processor 'microblaze_0' is selected.
02:07:48 INFO  : The application 'D:/ECE385/ECElab6/blink/Debug/blink.elf' is downloaded to processor 'microblaze_0'.
02:07:48 INFO  : ----------------XSDB Script----------------
connect -url tcp:127.0.0.1:3121
targets -set -filter {jtag_cable_name =~ "RealDigital Boo 88742923010BA" && level==0 && jtag_device_ctx=="jsn1-0362f093-0"}
fpga -file D:/ECE385/ECElab6/blink/_ide/bitstream/mb_intro_top.bit
targets -set -nocase -filter {name =~ "*microblaze*#0" && bscan=="USER2" }
loadhw -hw D:/ECE385/ECElab6/mb_intro_top/export/mb_intro_top/hw/mb_intro_top.xsa -regs
configparams mdm-detect-bscan-mask 2
targets -set -nocase -filter {name =~ "*microblaze*#0" && bscan=="USER2" }
rst -system
after 3000
targets -set -nocase -filter {name =~ "*microblaze*#0" && bscan=="USER2" }
dow D:/ECE385/ECElab6/blink/Debug/blink.elf
----------------End of Script----------------

02:07:48 INFO  : Context for processor 'microblaze_0' is selected.
02:07:48 INFO  : 'con' command is executed.
02:07:48 INFO  : ----------------XSDB Script (After Launch)----------------
targets -set -nocase -filter {name =~ "*microblaze*#0" && bscan=="USER2" }
con
----------------End of Script----------------

02:07:48 INFO  : Disconnected from the channel tcfchan#18.
02:08:42 INFO  : Checking for BSP changes to sync application flags for project 'blink'...
02:08:47 INFO  : Connected to target on host '127.0.0.1' and port '3121'.
02:08:48 INFO  : Jtag cable 'RealDigital Boo 88742923010BA' is selected.
02:08:48 INFO  : 'jtag frequency' command is executed.
02:08:48 INFO  : 'targets -set -filter {jtag_cable_name =~ "RealDigital Boo 88742923010BA" && level==0 && jtag_device_ctx=="jsn1-0362f093-0"}' command is executed.
02:08:49 INFO  : Device configured successfully with "D:/ECE385/ECElab6/blink/_ide/bitstream/mb_intro_top.bit"
02:08:49 INFO  : Context for processor 'microblaze_0' is selected.
02:08:49 INFO  : Hardware design and registers information is loaded from 'D:/ECE385/ECElab6/mb_intro_top/export/mb_intro_top/hw/mb_intro_top.xsa'.
02:08:49 INFO  : 'configparams mdm-detect-bscan-mask 2' command is executed.
02:08:49 INFO  : Context for processor 'microblaze_0' is selected.
02:08:49 INFO  : System reset is completed.
02:08:52 INFO  : 'after 3000' command is executed.
02:08:52 INFO  : Context for processor 'microblaze_0' is selected.
02:08:52 INFO  : The application 'D:/ECE385/ECElab6/blink/Debug/blink.elf' is downloaded to processor 'microblaze_0'.
02:08:52 INFO  : ----------------XSDB Script----------------
connect -url tcp:127.0.0.1:3121
targets -set -filter {jtag_cable_name =~ "RealDigital Boo 88742923010BA" && level==0 && jtag_device_ctx=="jsn1-0362f093-0"}
fpga -file D:/ECE385/ECElab6/blink/_ide/bitstream/mb_intro_top.bit
targets -set -nocase -filter {name =~ "*microblaze*#0" && bscan=="USER2" }
loadhw -hw D:/ECE385/ECElab6/mb_intro_top/export/mb_intro_top/hw/mb_intro_top.xsa -regs
configparams mdm-detect-bscan-mask 2
targets -set -nocase -filter {name =~ "*microblaze*#0" && bscan=="USER2" }
rst -system
after 3000
targets -set -nocase -filter {name =~ "*microblaze*#0" && bscan=="USER2" }
dow D:/ECE385/ECElab6/blink/Debug/blink.elf
----------------End of Script----------------

02:08:52 INFO  : Context for processor 'microblaze_0' is selected.
02:08:52 INFO  : 'con' command is executed.
02:08:52 INFO  : ----------------XSDB Script (After Launch)----------------
targets -set -nocase -filter {name =~ "*microblaze*#0" && bscan=="USER2" }
con
----------------End of Script----------------

02:08:52 INFO  : Disconnected from the channel tcfchan#19.
02:10:40 INFO  : Checking for BSP changes to sync application flags for project 'blink'...
02:10:47 INFO  : Connected to target on host '127.0.0.1' and port '3121'.
02:10:48 INFO  : Jtag cable 'RealDigital Boo 88742923010BA' is selected.
02:10:48 INFO  : 'jtag frequency' command is executed.
02:10:48 INFO  : 'targets -set -filter {jtag_cable_name =~ "RealDigital Boo 88742923010BA" && level==0 && jtag_device_ctx=="jsn1-0362f093-0"}' command is executed.
02:10:49 INFO  : Device configured successfully with "D:/ECE385/ECElab6/blink/_ide/bitstream/mb_intro_top.bit"
02:10:49 INFO  : Context for processor 'microblaze_0' is selected.
02:10:49 INFO  : Hardware design and registers information is loaded from 'D:/ECE385/ECElab6/mb_intro_top/export/mb_intro_top/hw/mb_intro_top.xsa'.
02:10:49 INFO  : 'configparams mdm-detect-bscan-mask 2' command is executed.
02:10:49 INFO  : Context for processor 'microblaze_0' is selected.
02:10:49 INFO  : System reset is completed.
02:10:52 INFO  : 'after 3000' command is executed.
02:10:52 INFO  : Context for processor 'microblaze_0' is selected.
02:10:52 INFO  : The application 'D:/ECE385/ECElab6/blink/Debug/blink.elf' is downloaded to processor 'microblaze_0'.
02:10:52 INFO  : ----------------XSDB Script----------------
connect -url tcp:127.0.0.1:3121
targets -set -filter {jtag_cable_name =~ "RealDigital Boo 88742923010BA" && level==0 && jtag_device_ctx=="jsn1-0362f093-0"}
fpga -file D:/ECE385/ECElab6/blink/_ide/bitstream/mb_intro_top.bit
targets -set -nocase -filter {name =~ "*microblaze*#0" && bscan=="USER2" }
loadhw -hw D:/ECE385/ECElab6/mb_intro_top/export/mb_intro_top/hw/mb_intro_top.xsa -regs
configparams mdm-detect-bscan-mask 2
targets -set -nocase -filter {name =~ "*microblaze*#0" && bscan=="USER2" }
rst -system
after 3000
targets -set -nocase -filter {name =~ "*microblaze*#0" && bscan=="USER2" }
dow D:/ECE385/ECElab6/blink/Debug/blink.elf
----------------End of Script----------------

02:10:52 INFO  : Context for processor 'microblaze_0' is selected.
02:10:52 INFO  : 'con' command is executed.
02:10:52 INFO  : ----------------XSDB Script (After Launch)----------------
targets -set -nocase -filter {name =~ "*microblaze*#0" && bscan=="USER2" }
con
----------------End of Script----------------

02:10:52 INFO  : Disconnected from the channel tcfchan#20.
